TN:
SF:instrumentation-client.ts
FNF:0
FNH:0
DA:7,0
DA:31,0
LF:2
LH:0
BRF:0
BRH:0
end_of_record
TN:
SF:instrumentation.ts
FN:3,register
FNF:1
FNH:0
FNDA:0,register
DA:4,0
DA:5,0
DA:8,0
DA:9,0
DA:13,0
LF:5
LH:0
BRDA:4,0,0,0
BRDA:4,0,1,0
BRDA:8,1,0,0
BRDA:8,1,1,0
BRF:4
BRH:0
end_of_record
TN:
SF:middleware.ts
FN:6,middleware
FN:18,(anonymous_1)
FN:21,(anonymous_2)
FN:22,(anonymous_3)
FN:30,(anonymous_4)
FN:78,(anonymous_5)
FN:79,(anonymous_6)
FN:94,(anonymous_7)
FN:95,(anonymous_8)
FNF:9
FNH:0
FNDA:0,middleware
FNDA:0,(anonymous_1)
FNDA:0,(anonymous_2)
FNDA:0,(anonymous_3)
FNDA:0,(anonymous_4)
FNDA:0,(anonymous_5)
FNDA:0,(anonymous_6)
FNDA:0,(anonymous_7)
FNDA:0,(anonymous_8)
DA:7,0
DA:13,0
DA:19,0
DA:22,0
DA:23,0
DA:25,0
DA:30,0
DA:31,0
DA:38,0
DA:41,0
DA:44,0
DA:46,0
DA:47,0
DA:50,0
DA:51,0
DA:55,0
DA:56,0
DA:58,0
DA:59,0
DA:60,0
DA:66,0
DA:67,0
DA:71,0
DA:74,0
DA:75,0
DA:76,0
DA:77,0
DA:78,0
DA:79,0
DA:80,0
DA:91,0
DA:92,0
DA:94,0
DA:95,0
DA:96,0
DA:100,0
LF:36
LH:0
BRDA:41,0,0,0
BRDA:41,0,1,0
BRDA:44,1,0,0
BRDA:44,1,1,0
BRDA:50,2,0,0
BRDA:50,2,1,0
BRDA:50,3,0,0
BRDA:50,3,1,0
BRDA:50,3,2,0
BRDA:50,3,3,0
BRDA:50,3,4,0
BRDA:55,4,0,0
BRDA:55,4,1,0
BRDA:55,5,0,0
BRDA:55,5,1,0
BRDA:58,6,0,0
BRDA:58,6,1,0
BRDA:58,7,0,0
BRDA:58,7,1,0
BRDA:60,8,0,0
BRDA:60,8,1,0
BRDA:66,9,0,0
BRDA:66,9,1,0
BRDA:66,10,0,0
BRDA:66,10,1,0
BRDA:66,10,2,0
BRDA:71,11,0,0
BRDA:71,11,1,0
BRDA:74,12,0,0
BRDA:74,12,1,0
BRDA:91,13,0,0
BRDA:91,13,1,0
BRF:32
BRH:0
end_of_record
TN:
SF:payload.config.ts
FNF:0
FNH:0
DA:13,0
DA:14,0
LF:2
LH:0
BRDA:17,0,0,0
BRDA:17,0,1,0
BRDA:30,1,0,0
BRDA:30,1,1,0
BRDA:36,2,0,0
BRDA:36,2,1,0
BRF:6
BRH:0
end_of_record
TN:
SF:app/global-error.tsx
FN:7,GlobalError
FN:12,(anonymous_1)
FNF:2
FNH:0
FNDA:0,GlobalError
FNDA:0,(anonymous_1)
DA:12,0
DA:13,0
DA:16,0
LF:3
LH:0
BRF:0
BRH:0
end_of_record
TN:
SF:app/(payload)/layout.tsx
FN:8,Layout
FN:13,(anonymous_1)
FNF:2
FNH:0
FNDA:0,Layout
FNDA:0,(anonymous_1)
DA:9,0
DA:15,0
LF:2
LH:0
BRF:0
BRH:0
end_of_record
TN:
SF:app/(payload)/api/[...slug]/route.ts
FNF:0
FNH:0
DA:5,0
DA:6,0
DA:7,0
DA:8,0
DA:9,0
DA:10,0
LF:6
LH:0
BRF:0
BRH:0
end_of_record
TN:
SF:app/(payload)/cms/[[...segments]]/page.tsx
FN:17,(anonymous_0)
FN:20,(anonymous_1)
FNF:2
FNH:0
FNDA:0,(anonymous_0)
FNDA:0,(anonymous_1)
DA:17,0
DA:18,0
DA:20,0
DA:21,0
LF:4
LH:0
BRF:0
BRH:0
end_of_record
TN:
SF:app/(payload)/graphql/route.ts
FNF:0
FNH:0
DA:5,0
DA:6,0
LF:2
LH:0
BRF:0
BRH:0
end_of_record
TN:
SF:app/hub/layout.tsx
FN:21,HubLayout
FNF:1
FNH:0
FNDA:0,HubLayout
DA:9,0
DA:11,0
DA:26,0
LF:3
LH:0
BRF:0
BRH:0
end_of_record
TN:
SF:app/hub/page.tsx
FN:6,(anonymous_0)
FN:6,(anonymous_1)
FN:10,HubPage
FNF:3
FNH:0
FNDA:0,(anonymous_0)
FNDA:0,(anonymous_1)
FNDA:0,HubPage
DA:5,0
DA:6,0
DA:11,0
LF:3
LH:0
BRF:0
BRH:0
end_of_record
TN:
SF:app/local-music-network/error.tsx
FN:6,Error
FN:13,(anonymous_1)
FN:25,(anonymous_2)
FN:26,(anonymous_3)
FNF:4
FNH:0
FNDA:0,Error
FNDA:0,(anonymous_1)
FNDA:0,(anonymous_2)
FNDA:0,(anonymous_3)
DA:13,0
DA:15,0
DA:18,0
DA:25,0
DA:26,0
LF:5
LH:0
BRF:0
BRH:0
end_of_record
TN:
SF:app/local-music-network/layout.tsx
FN:22,RootLayout
FNF:1
FNH:0
FNDA:0,RootLayout
DA:10,0
DA:12,0
DA:29,0
LF:3
LH:0
BRF:0
BRH:0
end_of_record
TN:
SF:app/local-music-network/not-found.tsx
FN:5,NotFoundPage
FNF:1
FNH:0
FNDA:0,NotFoundPage
DA:6,0
LF:1
LH:0
BRF:0
BRH:0
end_of_record
TN:
SF:app/local-music-network/page.tsx
FN:8,Page
FNF:1
FNH:0
FNDA:0,Page
DA:9,0
DA:21,0
DA:22,0
DA:25,0
LF:4
LH:0
BRDA:21,0,0,0
BRDA:21,0,1,0
BRF:2
BRH:0
end_of_record
TN:
SF:app/local-music-network/providers.tsx
FN:11,Providers
FNF:1
FNH:0
FNDA:0,Providers
DA:12,0
LF:1
LH:0
BRF:0
BRH:0
end_of_record
TN:
SF:app/local-music-network/actions/featured.ts
FN:8,updateLastActive
FN:26,getFeaturedContent
FNF:2
FNH:0
FNDA:0,updateLastActive
FNDA:0,getFeaturedContent
DA:9,0
DA:10,0
DA:12,0
DA:18,0
DA:27,0
DA:28,0
DA:30,0
DA:31,0
DA:32,0
DA:36,0
DA:56,0
DA:69,0
DA:88,0
LF:13
LH:0
BRDA:12,0,0,0
BRDA:12,0,1,0
BRDA:89,1,0,0
BRDA:89,1,1,0
BRDA:90,2,0,0
BRDA:90,2,1,0
BRDA:91,3,0,0
BRDA:91,3,1,0
BRF:8
BRH:0
end_of_record
TN:
SF:app/local-music-network/actions/gigs.ts
FN:8,getAuthenticatedUser
FN:18,getGig
FN:35,checkGigPermission
FN:45,(anonymous_3)
FN:50,updateGig
FN:78,addGigManager
FN:111,removeGigManager
FNF:7
FNH:0
FNDA:0,getAuthenticatedUser
FNDA:0,getGig
FNDA:0,checkGigPermission
FNDA:0,(anonymous_3)
FNDA:0,updateGig
FNDA:0,addGigManager
FNDA:0,removeGigManager
DA:9,0
DA:10,0
DA:11,0
DA:15,0
DA:19,0
DA:32,0
DA:36,0
DA:42,0
DA:44,0
DA:45,0
DA:47,0
DA:51,0
DA:52,0
DA:54,0
DA:55,0
DA:58,0
DA:71,0
DA:75,0
DA:79,0
DA:80,0
DA:82,0
DA:83,0
DA:86,0
DA:90,0
DA:93,0
DA:100,0
DA:101,0
DA:103,0
DA:108,0
DA:112,0
DA:113,0
DA:115,0
DA:116,0
DA:118,0
DA:124,0
LF:35
LH:0
BRDA:11,0,0,0
BRDA:11,0,1,0
BRDA:42,1,0,0
BRDA:42,1,1,0
BRDA:44,2,0,0
BRDA:44,2,1,0
BRDA:45,3,0,0
BRDA:45,3,1,0
BRDA:52,4,0,0
BRDA:52,4,1,0
BRDA:55,5,0,0
BRDA:55,5,1,0
BRDA:80,6,0,0
BRDA:80,6,1,0
BRDA:83,7,0,0
BRDA:83,7,1,0
BRDA:90,8,0,0
BRDA:90,8,1,0
BRDA:100,9,0,0
BRDA:100,9,1,0
BRDA:101,10,0,0
BRDA:101,10,1,0
BRDA:113,11,0,0
BRDA:113,11,1,0
BRDA:116,12,0,0
BRDA:116,12,1,0
BRF:26
BRH:0
end_of_record
TN:
SF:app/local-music-network/actions/upload.ts
FN:7,uploadFile
FNF:1
FNH:0
FNDA:0,uploadFile
DA:9,0
DA:10,0
DA:11,0
DA:14,0
DA:15,0
DA:18,0
DA:19,0
DA:23,0
DA:24,0
DA:28,0
DA:29,0
DA:30,0
DA:33,0
DA:34,0
DA:37,0
DA:38,0
DA:39,0
DA:40,0
DA:42,0
DA:45,0
DA:48,0
DA:49,0
LF:22
LH:0
BRDA:11,0,0,0
BRDA:11,0,1,0
BRDA:15,1,0,0
BRDA:15,1,1,0
BRDA:18,2,0,0
BRDA:18,2,1,0
BRDA:23,3,0,0
BRDA:23,3,1,0
BRF:8
BRH:0
end_of_record
TN:
SF:app/local-music-network/admin/layout.tsx
FN:20,AdminLayout
FNF:1
FNH:0
FNDA:0,AdminLayout
DA:18,0
DA:26,0
DA:28,0
LF:3
LH:0
BRF:0
BRH:0
end_of_record
TN:
SF:app/local-music-network/admin/page.tsx
FN:13,getStats
FN:29,AdminDashboard
FNF:2
FNH:0
FNDA:0,getStats
FNDA:0,AdminDashboard
DA:14,0
DA:15,0
DA:16,0
DA:17,0
DA:18,0
DA:20,0
DA:30,0
DA:32,0
LF:8
LH:0
BRDA:21,0,0,0
BRDA:21,0,1,0
BRDA:22,1,0,0
BRDA:22,1,1,0
BRDA:23,2,0,0
BRDA:23,2,1,0
BRDA:24,3,0,0
BRDA:24,3,1,0
BRDA:25,4,0,0
BRDA:25,4,1,0
BRF:10
BRH:0
end_of_record
TN:
SF:app/local-music-network/admin/announcements/actions.ts
FN:9,createAnnouncement
FN:28,deleteAnnouncement
FN:35,toggleAnnouncementActive
FNF:3
FNH:0
FNDA:0,createAnnouncement
FNDA:0,deleteAnnouncement
FNDA:0,toggleAnnouncementActive
DA:15,0
DA:17,0
DA:24,0
DA:25,0
DA:29,0
DA:30,0
DA:31,0
DA:32,0
DA:36,0
DA:37,0
DA:38,0
DA:39,0
LF:12
LH:0
BRDA:21,0,0,0
BRDA:21,0,1,0
BRF:2
BRH:0
end_of_record
TN:
SF:app/local-music-network/admin/announcements/page.tsx
FN:15,AnnouncementsPage
FN:41,(anonymous_1)
FNF:2
FNH:0
FNDA:0,AnnouncementsPage
FNDA:0,(anonymous_1)
DA:16,0
DA:18,0
DA:42,0
LF:3
LH:0
BRDA:50,0,0,0
BRDA:50,0,1,0
BRDA:51,1,0,0
BRDA:51,1,1,0
BRDA:54,2,0,0
BRDA:54,2,1,0
BRDA:56,3,0,0
BRDA:56,3,1,0
BRF:8
BRH:0
end_of_record
TN:
SF:app/local-music-network/admin/auditions/actions.ts
FN:9,deleteClassified
FN:20,seedClassified
FNF:2
FNH:0
FNDA:0,deleteClassified
FNDA:0,seedClassified
DA:10,0
DA:11,0
DA:12,0
DA:15,0
DA:16,0
DA:17,0
DA:18,0
DA:21,0
DA:23,0
DA:24,0
DA:25,0
DA:28,0
DA:35,0
DA:45,0
LF:14
LH:0
BRF:0
BRH:0
end_of_record
TN:
SF:app/local-music-network/admin/auditions/page.tsx
FN:15,AuditionsPage
FN:41,(anonymous_1)
FNF:2
FNH:0
FNDA:0,AuditionsPage
FNDA:0,(anonymous_1)
DA:16,0
DA:18,0
DA:42,0
LF:3
LH:0
BRDA:46,0,0,0
BRDA:46,0,1,0
BRF:2
BRH:0
end_of_record
TN:
SF:app/local-music-network/admin/bands/actions.ts
FN:9,deleteBand
FN:19,seedBand
FNF:2
FNH:0
FNDA:0,deleteBand
FNDA:0,seedBand
DA:10,0
DA:11,0
DA:12,0
DA:15,0
DA:16,0
DA:17,0
DA:20,0
DA:22,0
DA:23,0
DA:26,0
DA:33,0
DA:41,0
LF:12
LH:0
BRF:0
BRH:0
end_of_record
TN:
SF:app/local-music-network/admin/bands/page.tsx
FN:16,BandsPage
FN:43,(anonymous_1)
FN:59,(anonymous_2)
FNF:3
FNH:0
FNDA:0,BandsPage
FNDA:0,(anonymous_1)
FNDA:0,(anonymous_2)
DA:17,0
DA:19,0
DA:44,0
DA:60,0
LF:4
LH:0
BRDA:47,0,0,0
BRDA:47,0,1,0
BRDA:54,1,0,0
BRDA:54,1,1,0
BRDA:67,2,0,0
BRDA:67,2,1,0
BRF:6
BRH:0
end_of_record
TN:
SF:app/local-music-network/admin/gigs/actions.ts
FN:9,deleteGig
FN:19,seedGig
FNF:2
FNH:0
FNDA:0,deleteGig
FNDA:0,seedGig
DA:10,0
DA:11,0
DA:12,0
DA:15,0
DA:16,0
DA:17,0
DA:20,0
DA:22,0
DA:23,0
DA:24,0
DA:27,0
DA:35,0
DA:36,0
DA:38,0
DA:48,0
LF:15
LH:0
BRF:0
BRH:0
end_of_record
TN:
SF:app/local-music-network/admin/gigs/page.tsx
FN:15,GigsPage
FN:41,(anonymous_1)
FNF:2
FNH:0
FNDA:0,GigsPage
FNDA:0,(anonymous_1)
DA:16,0
DA:18,0
DA:42,0
LF:3
LH:0
BRDA:52,0,0,0
BRDA:52,0,1,0
BRF:2
BRH:0
end_of_record
TN:
SF:app/local-music-network/admin/musicians/actions.ts
FN:9,deleteMusician
FN:21,seedMusician
FNF:2
FNH:0
FNDA:0,deleteMusician
FNDA:0,seedMusician
DA:10,0
DA:11,0
DA:12,0
DA:15,0
DA:16,0
DA:17,0
DA:18,0
DA:19,0
DA:22,0
DA:24,0
DA:25,0
DA:26,0
DA:29,0
DA:37,0
DA:48,0
LF:15
LH:0
BRF:0
BRH:0
end_of_record
TN:
SF:app/local-music-network/admin/musicians/page.tsx
FN:16,MusiciansPage
FN:42,(anonymous_1)
FN:58,(anonymous_2)
FNF:3
FNH:0
FNDA:0,MusiciansPage
FNDA:0,(anonymous_1)
FNDA:0,(anonymous_2)
DA:17,0
DA:19,0
DA:43,0
DA:59,0
LF:4
LH:0
BRDA:46,0,0,0
BRDA:46,0,1,0
BRDA:63,1,0,0
BRDA:63,1,1,0
BRF:4
BRH:0
end_of_record
TN:
SF:app/local-music-network/admin/professionals/actions.ts
FN:9,deleteProfessional
FN:19,seedProfessional
FNF:2
FNH:0
FNDA:0,deleteProfessional
FNDA:0,seedProfessional
DA:10,0
DA:11,0
DA:12,0
DA:15,0
DA:16,0
DA:17,0
DA:20,0
DA:22,0
DA:23,0
DA:24,0
DA:27,0
DA:35,0
DA:44,0
LF:13
LH:0
BRF:0
BRH:0
end_of_record
TN:
SF:app/local-music-network/admin/professionals/page.tsx
FN:16,ProfessionalsPage
FN:42,(anonymous_1)
FNF:2
FNH:0
FNDA:0,ProfessionalsPage
FNDA:0,(anonymous_1)
DA:17,0
DA:19,0
DA:43,0
LF:3
LH:0
BRDA:46,0,0,0
BRDA:46,0,1,0
BRDA:46,1,0,0
BRDA:46,1,1,0
BRDA:47,2,0,0
BRDA:47,2,1,0
BRDA:52,3,0,0
BRDA:52,3,1,0
BRDA:58,4,0,0
BRDA:58,4,1,0
BRF:10
BRH:0
end_of_record
TN:
SF:app/local-music-network/admin/users/actions.ts
FN:9,toggleAdminStatus
FN:19,deleteUser
FNF:2
FNH:0
FNDA:0,toggleAdminStatus
FNDA:0,deleteUser
DA:10,0
DA:12,0
DA:16,0
DA:20,0
DA:22,0
DA:25,0
LF:6
LH:0
BRF:0
BRH:0
end_of_record
TN:
SF:app/local-music-network/admin/users/page.tsx
FN:16,UsersPage
FN:42,(anonymous_1)
FNF:2
FNH:0
FNDA:0,UsersPage
FNDA:0,(anonymous_1)
DA:17,0
DA:19,0
DA:43,0
LF:3
LH:0
BRDA:46,0,0,0
BRDA:46,0,1,0
BRDA:46,1,0,0
BRDA:46,1,1,0
BRDA:47,2,0,0
BRDA:47,2,1,0
BRDA:47,2,2,0
BRDA:64,3,0,0
BRDA:64,3,1,0
BRDA:70,4,0,0
BRDA:70,4,1,0
BRDA:72,5,0,0
BRDA:72,5,1,0
BRF:13
BRH:0
end_of_record
TN:
SF:app/local-music-network/api/auth/callback/route.ts
FN:5,syncUserToStorage
FN:18,getRedirectUrl
FN:31,getErrorRedirect
FN:39,GET
FNF:4
FNH:0
FNDA:0,syncUserToStorage
FNDA:0,getRedirectUrl
FNDA:0,getErrorRedirect
FNDA:0,GET
DA:6,0
DA:7,0
DA:8,0
DA:19,0
DA:20,0
DA:22,0
DA:23,0
DA:24,0
DA:25,0
DA:27,0
DA:33,0
DA:34,0
DA:36,0
DA:40,0
DA:41,0
DA:42,0
DA:44,0
DA:45,0
DA:46,0
DA:49,0
DA:50,0
DA:51,0
DA:53,0
DA:54,0
DA:55,0
DA:59,0
DA:60,0
DA:62,0
DA:63,0
DA:66,0
DA:67,0
LF:31
LH:0
BRDA:6,0,0,0
BRDA:6,0,1,0
BRDA:7,1,0,0
BRDA:7,1,1,0
BRDA:11,2,0,0
BRDA:11,2,1,0
BRDA:12,3,0,0
BRDA:12,3,1,0
BRDA:14,4,0,0
BRDA:14,4,1,0
BRDA:22,5,0,0
BRDA:22,5,1,0
BRDA:24,6,0,0
BRDA:24,6,1,0
BRDA:33,7,0,0
BRDA:33,7,1,0
BRDA:33,8,0,0
BRDA:33,8,1,0
BRDA:36,9,0,0
BRDA:36,9,1,0
BRDA:36,10,0,0
BRDA:36,10,1,0
BRDA:42,11,0,0
BRDA:42,11,1,0
BRDA:44,12,0,0
BRDA:44,12,1,0
BRDA:53,13,0,0
BRDA:53,13,1,0
BRF:28
BRH:0
end_of_record
TN:
SF:app/local-music-network/api/auth/user/route.ts
FN:6,handleUserMigration
FN:22,createNewUser
FN:35,syncUserMetadata
FN:48,GET
FNF:4
FNH:0
FNDA:0,handleUserMigration
FNDA:0,createNewUser
FNDA:0,syncUserMetadata
FNDA:0,GET
DA:7,0
DA:8,0
DA:9,0
DA:10,0
DA:11,0
DA:12,0
DA:13,0
DA:16,0
DA:17,0
DA:19,0
DA:23,0
DA:24,0
DA:36,0
DA:37,0
DA:38,0
DA:39,0
DA:45,0
DA:49,0
DA:50,0
DA:51,0
DA:53,0
DA:54,0
DA:55,0
DA:58,0
DA:59,0
DA:60,0
DA:63,0
DA:65,0
DA:67,0
DA:68,0
DA:69,0
DA:70,0
DA:71,0
DA:72,0
DA:74,0
DA:76,0
DA:78,0
DA:84,0
DA:85,0
DA:89,0
DA:91,0
DA:94,0
DA:97,0
DA:98,0
DA:99,0
DA:102,0
DA:103,0
LF:47
LH:0
BRDA:11,0,0,0
BRDA:11,0,1,0
BRDA:27,1,0,0
BRDA:27,1,1,0
BRDA:28,2,0,0
BRDA:28,2,1,0
BRDA:29,3,0,0
BRDA:29,3,1,0
BRDA:30,4,0,0
BRDA:30,4,1,0
BRDA:36,5,0,0
BRDA:36,5,1,0
BRDA:37,6,0,0
BRDA:37,6,1,0
BRDA:53,7,0,0
BRDA:53,7,1,0
BRDA:58,8,0,0
BRDA:58,8,1,0
BRDA:67,9,0,0
BRDA:67,9,1,0
BRDA:69,10,0,0
BRDA:69,10,1,0
BRDA:72,11,0,0
BRDA:72,11,1,0
BRDA:79,12,0,0
BRDA:79,12,1,0
BRDA:89,13,0,0
BRDA:89,13,1,0
BRF:28
BRH:0
end_of_record
TN:
SF:app/local-music-network/api/bands/route.ts
FN:13,GET
FN:57,POST
FNF:2
FNH:0
FNDA:0,GET
FNDA:0,POST
DA:7,0
DA:14,0
DA:15,0
DA:16,0
DA:19,0
DA:20,0
DA:21,0
DA:22,0
DA:23,0
DA:25,0
DA:26,0
DA:29,0
DA:30,0
DA:31,0
DA:37,0
DA:38,0
DA:40,0
DA:41,0
DA:44,0
DA:45,0
DA:46,0
DA:47,0
DA:49,0
DA:50,0
DA:52,0
DA:53,0
DA:58,0
DA:59,0
DA:60,0
DA:62,0
DA:63,0
DA:66,0
DA:67,0
DA:69,0
DA:71,0
DA:72,0
DA:78,0
DA:79,0
DA:81,0
DA:82,0
LF:40
LH:0
BRDA:19,0,0,0
BRDA:19,0,1,0
BRDA:22,1,0,0
BRDA:22,1,1,0
BRDA:22,2,0,0
BRDA:22,2,1,0
BRDA:30,3,0,0
BRDA:30,3,1,0
BRDA:40,4,0,0
BRDA:40,4,1,0
BRDA:41,5,0,0
BRDA:41,5,1,0
BRDA:44,6,0,0
BRDA:44,6,1,0
BRDA:45,7,0,0
BRDA:45,7,1,0
BRDA:62,8,0,0
BRDA:62,8,1,0
BRDA:62,9,0,0
BRDA:62,9,1,0
BRDA:71,10,0,0
BRDA:71,10,1,0
BRF:22
BRH:0
end_of_record
TN:
SF:app/local-music-network/api/bands/[id]/route.ts
FN:6,GET
FN:19,PATCH
FNF:2
FNH:0
FNDA:0,GET
FNDA:0,PATCH
DA:7,0
DA:8,0
DA:9,0
DA:10,0
DA:11,0
DA:13,0
DA:15,0
DA:20,0
DA:21,0
DA:22,0
DA:23,0
DA:25,0
DA:26,0
DA:29,0
DA:30,0
DA:31,0
DA:35,0
DA:36,0
DA:37,0
DA:38,0
DA:41,0
DA:42,0
DA:45,0
DA:47,0
DA:48,0
DA:50,0
DA:51,0
DA:57,0
DA:58,0
DA:61,0
DA:62,0
LF:31
LH:0
BRDA:10,0,0,0
BRDA:10,0,1,0
BRDA:25,1,0,0
BRDA:25,1,1,0
BRDA:25,2,0,0
BRDA:25,2,1,0
BRDA:30,3,0,0
BRDA:30,3,1,0
BRDA:37,4,0,0
BRDA:37,4,1,0
BRDA:41,5,0,0
BRDA:41,5,1,0
BRDA:41,6,0,0
BRDA:41,6,1,0
BRDA:50,7,0,0
BRDA:50,7,1,0
BRF:16
BRH:0
end_of_record
TN:
SF:app/local-music-network/api/bands/[id]/members/route.ts
FN:7,GET
FN:21,POST
FN:54,(anonymous_2)
FNF:3
FNH:0
FNDA:0,GET
FNDA:0,POST
FNDA:0,(anonymous_2)
DA:11,0
DA:12,0
DA:13,0
DA:14,0
DA:16,0
DA:17,0
DA:25,0
DA:26,0
DA:27,0
DA:28,0
DA:30,0
DA:31,0
DA:35,0
DA:36,0
DA:37,0
DA:40,0
DA:43,0
DA:44,0
DA:47,0
DA:48,0
DA:49,0
DA:53,0
DA:54,0
DA:55,0
DA:58,0
DA:65,0
DA:68,0
DA:69,0
LF:28
LH:0
BRDA:30,0,0,0
BRDA:30,0,1,0
BRDA:30,1,0,0
BRDA:30,1,1,0
BRDA:36,2,0,0
BRDA:36,2,1,0
BRDA:43,3,0,0
BRDA:43,3,1,0
BRDA:48,4,0,0
BRDA:48,4,1,0
BRDA:54,5,0,0
BRDA:54,5,1,0
BRDA:61,6,0,0
BRDA:61,6,1,0
BRDA:62,7,0,0
BRDA:62,7,1,0
BRF:16
BRH:0
end_of_record
TN:
SF:app/local-music-network/api/classifieds/route.ts
FN:10,GET
FN:24,POST
FNF:2
FNH:0
FNDA:0,GET
FNDA:0,POST
DA:8,0
DA:11,0
DA:12,0
DA:20,0
DA:21,0
DA:25,0
DA:26,0
DA:27,0
DA:29,0
DA:30,0
DA:33,0
DA:34,0
DA:39,0
DA:40,0
DA:43,0
DA:44,0
DA:46,0
DA:47,0
LF:18
LH:0
BRDA:13,0,0,0
BRDA:13,0,1,0
BRDA:14,1,0,0
BRDA:14,1,1,0
BRDA:15,2,0,0
BRDA:15,2,1,0
BRDA:16,3,0,0
BRDA:16,3,1,0
BRDA:17,4,0,0
BRDA:17,4,1,0
BRDA:29,5,0,0
BRDA:29,5,1,0
BRDA:29,6,0,0
BRDA:29,6,1,0
BRDA:39,7,0,0
BRDA:39,7,1,0
BRF:16
BRH:0
end_of_record
TN:
SF:app/local-music-network/api/classifieds/[id]/route.ts
FN:8,GET
FN:22,DELETE
FNF:2
FNH:0
FNDA:0,GET
FNDA:0,DELETE
DA:6,0
DA:12,0
DA:13,0
DA:15,0
DA:16,0
DA:19,0
DA:26,0
DA:27,0
DA:29,0
DA:30,0
DA:33,0
DA:34,0
DA:36,0
DA:37,0
DA:40,0
DA:41,0
DA:44,0
DA:45,0
LF:18
LH:0
BRDA:15,0,0,0
BRDA:15,0,1,0
BRDA:29,1,0,0
BRDA:29,1,1,0
BRDA:29,2,0,0
BRDA:29,2,1,0
BRDA:36,3,0,0
BRDA:36,3,1,0
BRDA:40,4,0,0
BRDA:40,4,1,0
BRF:10
BRH:0
end_of_record
TN:
SF:app/local-music-network/api/contact-requests/route.ts
FN:6,POST
FNF:1
FNH:0
FNDA:0,POST
DA:7,0
DA:8,0
DA:9,0
DA:11,0
DA:12,0
DA:15,0
DA:16,0
DA:18,0
DA:19,0
DA:23,0
DA:24,0
DA:25,0
DA:29,0
DA:35,0
DA:37,0
DA:45,0
DA:53,0
DA:55,0
DA:56,0
LF:19
LH:0
BRDA:11,0,0,0
BRDA:11,0,1,0
BRDA:11,1,0,0
BRDA:11,1,1,0
BRDA:18,2,0,0
BRDA:18,2,1,0
BRDA:24,3,0,0
BRDA:24,3,1,0
BRF:8
BRH:0
end_of_record
TN:
SF:app/local-music-network/api/contact-requests/[id]/respond/route.ts
FN:5,POST
FNF:1
FNH:0
FNDA:0,POST
DA:6,0
DA:7,0
DA:8,0
DA:9,0
DA:11,0
DA:12,0
DA:15,0
DA:16,0
DA:18,0
DA:19,0
DA:22,0
DA:23,0
DA:24,0
DA:28,0
DA:29,0
DA:33,0
DA:36,0
DA:37,0
DA:47,0
DA:55,0
DA:57,0
DA:58,0
LF:22
LH:0
BRDA:11,0,0,0
BRDA:11,0,1,0
BRDA:11,1,0,0
BRDA:11,1,1,0
BRDA:18,2,0,0
BRDA:18,2,1,0
BRDA:23,3,0,0
BRDA:23,3,1,0
BRDA:28,4,0,0
BRDA:28,4,1,0
BRDA:36,5,0,0
BRDA:36,5,1,0
BRF:12
BRH:0
end_of_record
TN:
SF:app/local-music-network/api/contact-requests/check/route.ts
FN:5,GET
FNF:1
FNH:0
FNDA:0,GET
DA:6,0
DA:7,0
DA:8,0
DA:10,0
DA:11,0
DA:14,0
DA:15,0
DA:17,0
DA:18,0
DA:21,0
DA:23,0
DA:24,0
DA:27,0
DA:30,0
DA:31,0
LF:15
LH:0
BRDA:10,0,0,0
BRDA:10,0,1,0
BRDA:10,1,0,0
BRDA:10,1,1,0
BRDA:17,2,0,0
BRDA:17,2,1,0
BRDA:23,3,0,0
BRDA:23,3,1,0
BRF:8
BRH:0
end_of_record
TN:
SF:app/local-music-network/api/gigs/route.ts
FN:13,GET
FN:42,POST
FNF:2
FNH:0
FNDA:0,GET
FNDA:0,POST
DA:7,0
DA:14,0
DA:15,0
DA:16,0
DA:18,0
DA:19,0
DA:20,0
DA:26,0
DA:29,0
DA:30,0
DA:31,0
DA:32,0
DA:34,0
DA:35,0
DA:37,0
DA:38,0
DA:43,0
DA:44,0
DA:45,0
DA:47,0
DA:48,0
DA:51,0
DA:55,0
DA:60,0
DA:62,0
DA:63,0
DA:64,0
DA:70,0
DA:74,0
DA:75,0
DA:76,0
DA:77,0
DA:79,0
DA:81,0
DA:82,0
DA:83,0
DA:87,0
DA:90,0
DA:91,0
DA:94,0
DA:95,0
LF:41
LH:0
BRDA:19,0,0,0
BRDA:19,0,1,0
BRDA:29,1,0,0
BRDA:29,1,1,0
BRDA:30,2,0,0
BRDA:30,2,1,0
BRDA:47,3,0,0
BRDA:47,3,1,0
BRDA:47,4,0,0
BRDA:47,4,1,0
BRDA:58,5,0,0
BRDA:58,5,1,0
BRDA:62,6,0,0
BRDA:62,6,1,0
BRDA:74,7,0,0
BRDA:74,7,1,0
BRDA:76,8,0,0
BRDA:76,8,1,0
BRDA:79,9,0,0
BRDA:79,9,1,0
BRDA:82,10,0,0
BRDA:82,10,1,0
BRDA:82,11,0,0
BRDA:82,11,1,0
BRF:24
BRH:0
end_of_record
TN:
SF:app/local-music-network/api/health/db/route.ts
FN:8,GET
FNF:1
FNH:0
FNDA:0,GET
DA:6,0
DA:9,0
DA:10,0
DA:13,0
DA:14,0
DA:15,0
DA:17,0
DA:19,0
DA:25,0
DA:27,0
LF:10
LH:0
BRF:0
BRH:0
end_of_record
TN:
SF:app/local-music-network/api/logout/route.ts
FN:4,GET
FNF:1
FNH:0
FNDA:0,GET
DA:5,0
DA:6,0
DA:8,0
DA:9,0
LF:4
LH:0
BRF:0
BRH:0
end_of_record
TN:
SF:app/local-music-network/api/marketplace/route.ts
FN:11,(anonymous_0)
FN:14,(anonymous_1)
FN:19,GET
FN:65,POST
FNF:4
FNH:0
FNDA:0,(anonymous_0)
FNDA:0,(anonymous_1)
FNDA:0,GET
FNDA:0,POST
DA:7,0
DA:11,0
DA:14,0
DA:20,0
DA:21,0
DA:22,0
DA:24,0
DA:25,0
DA:26,0
DA:32,0
DA:33,0
DA:35,0
DA:37,0
DA:38,0
DA:39,0
DA:42,0
DA:43,0
DA:44,0
DA:47,0
DA:48,0
DA:49,0
DA:52,0
DA:53,0
DA:54,0
DA:57,0
DA:58,0
DA:60,0
DA:61,0
DA:66,0
DA:67,0
DA:68,0
DA:70,0
DA:71,0
DA:74,0
DA:75,0
DA:78,0
DA:80,0
DA:81,0
DA:87,0
DA:88,0
DA:90,0
DA:91,0
LF:42
LH:0
BRDA:11,0,0,0
BRDA:11,0,1,0
BRDA:14,1,0,0
BRDA:14,1,1,0
BRDA:25,2,0,0
BRDA:25,2,1,0
BRDA:35,3,0,0
BRDA:35,3,1,0
BRDA:37,4,0,0
BRDA:37,4,1,0
BRDA:39,5,0,0
BRDA:39,5,1,0
BRDA:42,6,0,0
BRDA:42,6,1,0
BRDA:44,7,0,0
BRDA:44,7,1,0
BRDA:47,8,0,0
BRDA:47,8,1,0
BRDA:49,9,0,0
BRDA:49,9,1,0
BRDA:52,10,0,0
BRDA:52,10,1,0
BRDA:54,11,0,0
BRDA:54,11,1,0
BRDA:57,12,0,0
BRDA:57,12,1,0
BRDA:70,13,0,0
BRDA:70,13,1,0
BRDA:70,14,0,0
BRDA:70,14,1,0
BRDA:80,15,0,0
BRDA:80,15,1,0
BRF:32
BRH:0
end_of_record
TN:
SF:app/local-music-network/api/marketplace/[id]/route.ts
FN:6,GET
FN:26,PUT
FN:69,DELETE
FNF:3
FNH:0
FNDA:0,GET
FNDA:0,PUT
FNDA:0,DELETE
DA:10,0
DA:11,0
DA:12,0
DA:13,0
DA:14,0
DA:18,0
DA:19,0
DA:21,0
DA:22,0
DA:30,0
DA:31,0
DA:32,0
DA:33,0
DA:35,0
DA:36,0
DA:39,0
DA:41,0
DA:42,0
DA:45,0
DA:46,0
DA:49,0
DA:50,0
DA:52,0
DA:53,0
DA:60,0
DA:61,0
DA:62,0
DA:64,0
DA:65,0
DA:73,0
DA:74,0
DA:75,0
DA:76,0
DA:78,0
DA:79,0
DA:82,0
DA:84,0
DA:85,0
DA:88,0
DA:89,0
DA:92,0
DA:93,0
DA:95,0
DA:96,0
LF:44
LH:0
BRDA:13,0,0,0
BRDA:13,0,1,0
BRDA:35,1,0,0
BRDA:35,1,1,0
BRDA:35,2,0,0
BRDA:35,2,1,0
BRDA:41,3,0,0
BRDA:41,3,1,0
BRDA:45,4,0,0
BRDA:45,4,1,0
BRDA:52,5,0,0
BRDA:52,5,1,0
BRDA:78,6,0,0
BRDA:78,6,1,0
BRDA:78,7,0,0
BRDA:78,7,1,0
BRDA:84,8,0,0
BRDA:84,8,1,0
BRDA:88,9,0,0
BRDA:88,9,1,0
BRF:20
BRH:0
end_of_record
TN:
SF:app/local-music-network/api/messages/route.ts
FN:6,POST
FNF:1
FNH:0
FNDA:0,POST
DA:7,0
DA:8,0
DA:9,0
DA:11,0
DA:12,0
DA:15,0
DA:16,0
DA:19,0
DA:25,0
DA:26,0
DA:27,0
DA:31,0
DA:32,0
DA:35,0
DA:36,0
DA:38,0
DA:39,0
DA:40,0
DA:42,0
DA:43,0
LF:20
LH:0
BRDA:11,0,0,0
BRDA:11,0,1,0
BRDA:11,1,0,0
BRDA:11,1,1,0
BRDA:26,2,0,0
BRDA:26,2,1,0
BRDA:31,3,0,0
BRDA:31,3,1,0
BRDA:38,4,0,0
BRDA:38,4,1,0
BRDA:39,5,0,0
BRDA:39,5,1,0
BRF:12
BRH:0
end_of_record
TN:
SF:app/local-music-network/api/messages/[userId]/route.ts
FN:5,GET
FNF:1
FNH:0
FNDA:0,GET
DA:9,0
DA:10,0
DA:11,0
DA:12,0
DA:14,0
DA:15,0
DA:18,0
DA:19,0
DA:22,0
DA:23,0
DA:24,0
DA:28,0
DA:31,0
DA:34,0
DA:35,0
DA:36,0
DA:37,0
DA:40,0
DA:42,0
DA:43,0
LF:20
LH:0
BRDA:14,0,0,0
BRDA:14,0,1,0
BRDA:14,1,0,0
BRDA:14,1,1,0
BRDA:23,2,0,0
BRDA:23,2,1,0
BRDA:35,3,0,0
BRDA:35,3,1,0
BRF:8
BRH:0
end_of_record
TN:
SF:app/local-music-network/api/messages/conversations/route.ts
FN:5,GET
FNF:1
FNH:0
FNDA:0,GET
DA:6,0
DA:7,0
DA:8,0
DA:10,0
DA:11,0
DA:14,0
DA:15,0
DA:17,0
DA:18,0
LF:9
LH:0
BRDA:10,0,0,0
BRDA:10,0,1,0
BRDA:10,1,0,0
BRDA:10,1,1,0
BRF:4
BRH:0
end_of_record
TN:
SF:app/local-music-network/api/messages/unread-count/route.ts
FN:5,GET
FNF:1
FNH:0
FNDA:0,GET
DA:6,0
DA:7,0
DA:8,0
DA:10,0
DA:11,0
DA:14,0
DA:15,0
DA:17,0
DA:18,0
LF:9
LH:0
BRDA:10,0,0,0
BRDA:10,0,1,0
BRDA:10,1,0,0
BRDA:10,1,1,0
BRF:4
BRH:0
end_of_record
TN:
SF:app/local-music-network/api/musicians/route.ts
FN:19,GET
FN:66,POST
FNF:2
FNH:0
FNDA:0,GET
FNDA:0,POST
DA:7,0
DA:9,0
DA:20,0
DA:21,0
DA:22,0
DA:24,0
DA:25,0
DA:26,0
DA:32,0
DA:33,0
DA:35,0
DA:36,0
DA:37,0
DA:38,0
DA:39,0
DA:40,0
DA:42,0
DA:43,0
DA:44,0
DA:47,0
DA:48,0
DA:49,0
DA:53,0
DA:54,0
DA:55,0
DA:56,0
DA:58,0
DA:59,0
DA:61,0
DA:62,0
DA:67,0
DA:68,0
DA:69,0
DA:71,0
DA:72,0
DA:75,0
DA:76,0
DA:78,0
DA:81,0
DA:83,0
DA:84,0
DA:90,0
DA:93,0
DA:94,0
DA:105,0
DA:107,0
DA:108,0
LF:47
LH:0
BRDA:25,0,0,0
BRDA:25,0,1,0
BRDA:35,1,0,0
BRDA:35,1,1,0
BRDA:36,2,0,0
BRDA:36,2,1,0
BRDA:37,3,0,0
BRDA:37,3,1,0
BRDA:38,4,0,0
BRDA:38,4,1,0
BRDA:39,5,0,0
BRDA:39,5,1,0
BRDA:40,6,0,0
BRDA:40,6,1,0
BRDA:42,7,0,0
BRDA:42,7,1,0
BRDA:44,8,0,0
BRDA:44,8,1,0
BRDA:47,9,0,0
BRDA:47,9,1,0
BRDA:49,10,0,0
BRDA:49,10,1,0
BRDA:53,11,0,0
BRDA:53,11,1,0
BRDA:54,12,0,0
BRDA:54,12,1,0
BRDA:58,13,0,0
BRDA:58,13,1,0
BRDA:71,14,0,0
BRDA:71,14,1,0
BRDA:71,15,0,0
BRDA:71,15,1,0
BRDA:83,16,0,0
BRDA:83,16,1,0
BRDA:98,17,0,0
BRDA:98,17,1,0
BRF:36
BRH:0
end_of_record
TN:
SF:app/local-music-network/api/musicians/[id]/route.ts
FN:8,GET
FN:36,PUT
FN:99,DELETE
FNF:3
FNH:0
FNDA:0,GET
FNDA:0,PUT
FNDA:0,DELETE
DA:6,0
DA:12,0
DA:13,0
DA:14,0
DA:15,0
DA:16,0
DA:20,0
DA:23,0
DA:24,0
DA:25,0
DA:26,0
DA:29,0
DA:31,0
DA:32,0
DA:40,0
DA:41,0
DA:42,0
DA:43,0
DA:45,0
DA:46,0
DA:49,0
DA:51,0
DA:52,0
DA:55,0
DA:56,0
DA:59,0
DA:60,0
DA:62,0
DA:63,0
DA:66,0
DA:67,0
DA:74,0
DA:75,0
DA:78,0
DA:79,0
DA:80,0
DA:82,0
DA:83,0
DA:92,0
DA:94,0
DA:95,0
DA:103,0
DA:104,0
DA:105,0
DA:106,0
DA:108,0
DA:109,0
DA:112,0
DA:114,0
DA:115,0
DA:118,0
DA:119,0
DA:122,0
DA:123,0
DA:125,0
DA:126,0
LF:56
LH:0
BRDA:15,0,0,0
BRDA:15,0,1,0
BRDA:24,1,0,0
BRDA:24,1,1,0
BRDA:45,2,0,0
BRDA:45,2,1,0
BRDA:45,3,0,0
BRDA:45,3,1,0
BRDA:51,4,0,0
BRDA:51,4,1,0
BRDA:55,5,0,0
BRDA:55,5,1,0
BRDA:62,6,0,0
BRDA:62,6,1,0
BRDA:66,7,0,0
BRDA:66,7,1,0
BRDA:78,8,0,0
BRDA:78,8,1,0
BRDA:78,9,0,0
BRDA:78,9,1,0
BRDA:78,9,2,0
BRDA:79,10,0,0
BRDA:79,10,1,0
BRDA:80,11,0,0
BRDA:80,11,1,0
BRDA:87,12,0,0
BRDA:87,12,1,0
BRDA:108,13,0,0
BRDA:108,13,1,0
BRDA:108,14,0,0
BRDA:108,14,1,0
BRDA:114,15,0,0
BRDA:114,15,1,0
BRDA:118,16,0,0
BRDA:118,16,1,0
BRF:35
BRH:0
end_of_record
TN:
SF:app/local-music-network/api/musicians/[id]/contact-request/route.ts
FN:5,POST
FNF:1
FNH:0
FNDA:0,POST
DA:6,0
DA:7,0
DA:8,0
DA:9,0
DA:11,0
DA:12,0
DA:15,0
DA:16,0
DA:18,0
DA:19,0
DA:22,0
DA:25,0
DA:26,0
DA:30,0
DA:31,0
DA:32,0
DA:36,0
DA:43,0
DA:45,0
DA:46,0
DA:47,0
DA:48,0
DA:49,0
DA:52,0
DA:60,0
DA:62,0
DA:63,0
LF:27
LH:0
BRDA:11,0,0,0
BRDA:11,0,1,0
BRDA:11,1,0,0
BRDA:11,1,1,0
BRDA:18,2,0,0
BRDA:18,2,1,0
BRDA:25,3,0,0
BRDA:25,3,1,0
BRDA:31,4,0,0
BRDA:31,4,1,0
BRDA:46,5,0,0
BRDA:46,5,1,0
BRDA:48,6,0,0
BRDA:48,6,1,0
BRDA:49,7,0,0
BRDA:49,7,1,0
BRF:16
BRH:0
end_of_record
TN:
SF:app/local-music-network/api/musicians/[id]/contact-request/status/route.ts
FN:5,GET
FNF:1
FNH:0
FNDA:0,GET
DA:6,0
DA:7,0
DA:8,0
DA:9,0
DA:11,0
DA:12,0
DA:14,0
DA:15,0
DA:19,0
DA:20,0
DA:24,0
DA:25,0
DA:29,0
DA:30,0
DA:34,0
DA:36,0
DA:37,0
DA:43,0
DA:46,0
LF:19
LH:0
BRDA:14,0,0,0
BRDA:14,0,1,0
BRDA:19,1,0,0
BRDA:19,1,1,0
BRDA:24,2,0,0
BRDA:24,2,1,0
BRDA:24,3,0,0
BRDA:24,3,1,0
BRDA:29,4,0,0
BRDA:29,4,1,0
BRDA:36,5,0,0
BRDA:36,5,1,0
BRF:12
BRH:0
end_of_record
TN:
SF:app/local-music-network/api/my/bands/route.ts
FN:5,GET
FNF:1
FNH:0
FNDA:0,GET
DA:6,0
DA:7,0
DA:8,0
DA:10,0
DA:11,0
DA:14,0
DA:15,0
DA:17,0
DA:18,0
LF:9
LH:0
BRDA:10,0,0,0
BRDA:10,0,1,0
BRDA:10,1,0,0
BRDA:10,1,1,0
BRF:4
BRH:0
end_of_record
TN:
SF:app/local-music-network/api/my/listings/route.ts
FN:5,GET
FNF:1
FNH:0
FNDA:0,GET
DA:6,0
DA:7,0
DA:8,0
DA:10,0
DA:11,0
DA:14,0
DA:15,0
DA:17,0
DA:18,0
LF:9
LH:0
BRDA:10,0,0,0
BRDA:10,0,1,0
BRDA:10,1,0,0
BRDA:10,1,1,0
BRF:4
BRH:0
end_of_record
TN:
SF:app/local-music-network/api/my/profiles/route.ts
FN:5,GET
FNF:1
FNH:0
FNDA:0,GET
DA:6,0
DA:7,0
DA:8,0
DA:10,0
DA:11,0
DA:14,0
DA:15,0
DA:17,0
DA:18,0
LF:9
LH:0
BRDA:10,0,0,0
BRDA:10,0,1,0
BRDA:10,1,0,0
BRDA:10,1,1,0
BRF:4
BRH:0
end_of_record
TN:
SF:app/local-music-network/api/notifications/route.ts
FN:6,GET
FN:22,POST
FNF:2
FNH:0
FNDA:0,GET
FNDA:0,POST
DA:7,0
DA:8,0
DA:9,0
DA:11,0
DA:12,0
DA:15,0
DA:16,0
DA:18,0
DA:23,0
DA:24,0
DA:25,0
DA:27,0
DA:28,0
DA:31,0
DA:32,0
DA:34,0
DA:35,0
DA:41,0
DA:42,0
DA:44,0
LF:20
LH:0
BRDA:11,0,0,0
BRDA:11,0,1,0
BRDA:11,1,0,0
BRDA:11,1,1,0
BRDA:27,2,0,0
BRDA:27,2,1,0
BRDA:27,3,0,0
BRDA:27,3,1,0
BRDA:34,4,0,0
BRDA:34,4,1,0
BRF:10
BRH:0
end_of_record
TN:
SF:app/local-music-network/api/notifications/[id]/read/route.ts
FN:5,POST
FNF:1
FNH:0
FNDA:0,POST
DA:6,0
DA:7,0
DA:8,0
DA:9,0
DA:11,0
DA:12,0
DA:15,0
DA:16,0
DA:18,0
LF:9
LH:0
BRDA:11,0,0,0
BRDA:11,0,1,0
BRDA:11,1,0,0
BRDA:11,1,1,0
BRF:4
BRH:0
end_of_record
TN:
SF:app/local-music-network/api/notifications/mark-all-read/route.ts
FN:5,POST
FNF:1
FNH:0
FNDA:0,POST
DA:6,0
DA:7,0
DA:8,0
DA:10,0
DA:11,0
DA:14,0
DA:15,0
DA:17,0
LF:8
LH:0
BRDA:10,0,0,0
BRDA:10,0,1,0
BRDA:10,1,0,0
BRDA:10,1,1,0
BRF:4
BRH:0
end_of_record
TN:
SF:app/local-music-network/api/notifications/unread-count/route.ts
FN:5,GET
FNF:1
FNH:0
FNDA:0,GET
DA:6,0
DA:7,0
DA:8,0
DA:10,0
DA:11,0
DA:14,0
DA:15,0
DA:17,0
LF:8
LH:0
BRDA:10,0,0,0
BRDA:10,0,1,0
BRDA:10,1,0,0
BRDA:10,1,1,0
BRF:4
BRH:0
end_of_record
TN:
SF:app/local-music-network/api/professionals/route.ts
FN:10,GET
FN:33,POST
FNF:2
FNH:0
FNDA:0,GET
FNDA:0,POST
DA:8,0
DA:11,0
DA:12,0
DA:15,0
DA:16,0
DA:17,0
DA:18,0
DA:21,0
DA:29,0
DA:30,0
DA:34,0
DA:35,0
DA:36,0
DA:38,0
DA:39,0
DA:42,0
DA:43,0
DA:44,0
DA:47,0
DA:48,0
DA:53,0
DA:54,0
DA:57,0
DA:58,0
DA:60,0
DA:61,0
LF:26
LH:0
BRDA:15,0,0,0
BRDA:15,0,1,0
BRDA:17,1,0,0
BRDA:17,1,1,0
BRDA:22,2,0,0
BRDA:22,2,1,0
BRDA:23,3,0,0
BRDA:23,3,1,0
BRDA:24,4,0,0
BRDA:24,4,1,0
BRDA:25,5,0,0
BRDA:25,5,1,0
BRDA:38,6,0,0
BRDA:38,6,1,0
BRDA:38,7,0,0
BRDA:38,7,1,0
BRDA:43,8,0,0
BRDA:43,8,1,0
BRDA:53,9,0,0
BRDA:53,9,1,0
BRF:20
BRH:0
end_of_record
TN:
SF:app/local-music-network/api/professionals/[id]/route.ts
FN:9,GET
FN:23,PATCH
FNF:2
FNH:0
FNDA:0,GET
FNDA:0,PATCH
DA:7,0
DA:13,0
DA:14,0
DA:16,0
DA:17,0
DA:20,0
DA:27,0
DA:28,0
DA:30,0
DA:31,0
DA:34,0
DA:35,0
DA:37,0
DA:38,0
DA:41,0
DA:42,0
DA:45,0
DA:47,0
DA:49,0
DA:50,0
DA:53,0
DA:54,0
LF:22
LH:0
BRDA:16,0,0,0
BRDA:16,0,1,0
BRDA:30,1,0,0
BRDA:30,1,1,0
BRDA:30,2,0,0
BRDA:30,2,1,0
BRDA:37,3,0,0
BRDA:37,3,1,0
BRDA:41,4,0,0
BRDA:41,4,1,0
BRDA:49,5,0,0
BRDA:49,5,1,0
BRF:12
BRH:0
end_of_record
TN:
SF:app/local-music-network/api/reports/route.ts
FN:7,POST
FNF:1
FNH:0
FNDA:0,POST
DA:8,0
DA:9,0
DA:10,0
DA:12,0
DA:13,0
DA:16,0
DA:19,0
DA:24,0
DA:26,0
DA:28,0
DA:30,0
DA:31,0
DA:32,0
DA:34,0
LF:14
LH:0
BRDA:12,0,0,0
BRDA:12,0,1,0
BRDA:12,1,0,0
BRDA:12,1,1,0
BRDA:31,2,0,0
BRDA:31,2,1,0
BRF:6
BRH:0
end_of_record
TN:
SF:app/local-music-network/api/reviews/route.ts
FN:6,POST
FNF:1
FNH:0
FNDA:0,POST
DA:7,0
DA:8,0
DA:9,0
DA:11,0
DA:12,0
DA:15,0
DA:16,0
DA:17,0
DA:19,0
DA:20,0
DA:23,0
DA:24,0
DA:28,0
DA:29,0
DA:30,0
DA:31,0
DA:34,0
DA:35,0
DA:38,0
DA:39,0
DA:40,0
DA:43,0
DA:44,0
DA:49,0
DA:50,0
DA:51,0
DA:54,0
DA:62,0
DA:63,0
DA:65,0
DA:66,0
DA:67,0
DA:69,0
DA:70,0
LF:34
LH:0
BRDA:11,0,0,0
BRDA:11,0,1,0
BRDA:11,1,0,0
BRDA:11,1,1,0
BRDA:19,2,0,0
BRDA:19,2,1,0
BRDA:23,3,0,0
BRDA:23,3,1,0
BRDA:23,4,0,0
BRDA:23,4,1,0
BRDA:23,4,2,0
BRDA:28,5,0,0
BRDA:28,5,1,0
BRDA:30,6,0,0
BRDA:30,6,1,0
BRDA:34,7,0,0
BRDA:34,7,1,0
BRDA:39,8,0,0
BRDA:39,8,1,0
BRDA:43,9,0,0
BRDA:43,9,1,0
BRDA:50,10,0,0
BRDA:50,10,1,0
BRDA:59,11,0,0
BRDA:59,11,1,0
BRDA:65,12,0,0
BRDA:65,12,1,0
BRDA:66,13,0,0
BRDA:66,13,1,0
BRF:29
BRH:0
end_of_record
TN:
SF:app/local-music-network/api/reviews/[targetType]/route.ts
FN:5,PATCH
FN:48,DELETE
FNF:2
FNH:0
FNDA:0,PATCH
FNDA:0,DELETE
DA:9,0
DA:10,0
DA:11,0
DA:12,0
DA:14,0
DA:15,0
DA:18,0
DA:19,0
DA:21,0
DA:22,0
DA:25,0
DA:26,0
DA:29,0
DA:30,0
DA:32,0
DA:33,0
DA:36,0
DA:41,0
DA:43,0
DA:44,0
DA:52,0
DA:53,0
DA:54,0
DA:55,0
DA:57,0
DA:58,0
DA:61,0
DA:62,0
DA:64,0
DA:65,0
DA:68,0
DA:69,0
DA:72,0
DA:73,0
DA:75,0
DA:76,0
LF:36
LH:0
BRDA:14,0,0,0
BRDA:14,0,1,0
BRDA:14,1,0,0
BRDA:14,1,1,0
BRDA:21,2,0,0
BRDA:21,2,1,0
BRDA:25,3,0,0
BRDA:25,3,1,0
BRDA:32,4,0,0
BRDA:32,4,1,0
BRDA:32,5,0,0
BRDA:32,5,1,0
BRDA:32,5,2,0
BRDA:37,6,0,0
BRDA:37,6,1,0
BRDA:38,7,0,0
BRDA:38,7,1,0
BRDA:57,8,0,0
BRDA:57,8,1,0
BRDA:57,9,0,0
BRDA:57,9,1,0
BRDA:64,10,0,0
BRDA:64,10,1,0
BRDA:68,11,0,0
BRDA:68,11,1,0
BRF:25
BRH:0
end_of_record
TN:
SF:app/local-music-network/api/reviews/[targetType]/[targetId]/route.ts
FN:4,GET
FNF:1
FNH:0
FNDA:0,GET
DA:8,0
DA:9,0
DA:10,0
DA:12,0
DA:13,0
DA:16,0
DA:17,0
DA:19,0
DA:21,0
DA:22,0
LF:10
LH:0
BRDA:12,0,0,0
BRDA:12,0,1,0
BRF:2
BRH:0
end_of_record
TN:
SF:app/local-music-network/api/reviews/[targetType]/[targetId]/check/route.ts
FN:5,GET
FNF:1
FNH:0
FNDA:0,GET
DA:9,0
DA:10,0
DA:11,0
DA:12,0
DA:14,0
DA:15,0
DA:18,0
DA:20,0
DA:21,0
DA:24,0
DA:25,0
DA:27,0
DA:28,0
LF:13
LH:0
BRDA:14,0,0,0
BRDA:14,0,1,0
BRDA:14,1,0,0
BRDA:14,1,1,0
BRDA:20,2,0,0
BRDA:20,2,1,0
BRF:6
BRH:0
end_of_record
TN:
SF:app/local-music-network/api/reviews/[targetType]/[targetId]/rating/route.ts
FN:4,GET
FNF:1
FNH:0
FNDA:0,GET
DA:8,0
DA:9,0
DA:10,0
DA:12,0
DA:13,0
DA:16,0
DA:17,0
DA:19,0
DA:20,0
LF:9
LH:0
BRDA:12,0,0,0
BRDA:12,0,1,0
BRF:2
BRH:0
end_of_record
TN:
SF:app/local-music-network/api/upload/route.ts
FN:9,POST
FNF:1
FNH:0
FNDA:0,POST
DA:10,0
DA:12,0
DA:13,0
DA:15,0
DA:16,0
DA:20,0
DA:21,0
DA:22,0
DA:25,0
DA:26,0
DA:28,0
DA:29,0
DA:32,0
DA:33,0
DA:34,0
DA:38,0
DA:39,0
DA:43,0
DA:44,0
DA:45,0
DA:48,0
DA:49,0
DA:54,0
DA:55,0
DA:57,0
DA:58,0
DA:59,0
DA:62,0
DA:70,0
DA:77,0
DA:78,0
DA:79,0
DA:82,0
DA:86,0
DA:88,0
DA:89,0
LF:36
LH:0
BRDA:15,0,0,0
BRDA:15,0,1,0
BRDA:15,1,0,0
BRDA:15,1,1,0
BRDA:21,2,0,0
BRDA:21,2,1,0
BRDA:28,3,0,0
BRDA:28,3,1,0
BRDA:33,4,0,0
BRDA:33,4,1,0
BRDA:38,5,0,0
BRDA:38,5,1,0
BRDA:44,6,0,0
BRDA:44,6,1,0
BRDA:48,7,0,0
BRDA:48,7,1,0
BRDA:57,8,0,0
BRDA:57,8,1,0
BRDA:77,9,0,0
BRDA:77,9,1,0
BRF:20
BRH:0
end_of_record
TN:
SF:app/local-music-network/bands/page.tsx
FN:16,BandsPage
FN:27,(anonymous_1)
FN:34,(anonymous_2)
FN:40,(anonymous_3)
FN:73,(anonymous_4)
FN:83,(anonymous_5)
FN:94,(anonymous_6)
FN:101,(anonymous_7)
FNF:8
FNH:0
FNDA:0,BandsPage
FNDA:0,(anonymous_1)
FNDA:0,(anonymous_2)
FNDA:0,(anonymous_3)
FNDA:0,(anonymous_4)
FNDA:0,(anonymous_5)
FNDA:0,(anonymous_6)
FNDA:0,(anonymous_7)
DA:17,0
DA:24,0
DA:28,0
DA:29,0
DA:30,0
DA:31,0
DA:32,0
DA:35,0
DA:39,0
DA:40,0
DA:42,0
DA:73,0
DA:84,0
DA:95,0
DA:101,0
LF:15
LH:0
BRDA:27,0,0,0
BRDA:29,1,0,0
BRDA:29,1,1,0
BRDA:31,2,0,0
BRDA:31,2,1,0
BRDA:35,3,0,0
BRDA:35,3,1,0
BRDA:40,4,0,0
BRDA:40,4,1,0
BRDA:57,5,0,0
BRDA:57,5,1,0
BRDA:81,6,0,0
BRDA:81,6,1,0
BRDA:91,7,0,0
BRDA:91,7,1,0
BRDA:98,8,0,0
BRDA:98,8,1,0
BRDA:106,9,0,0
BRDA:106,9,1,0
BRDA:114,10,0,0
BRDA:114,10,1,0
BRF:21
BRH:0
end_of_record
TN:
SF:app/local-music-network/bands/[id]/page.tsx
FN:16,getBand
FN:22,getMembers
FN:28,getGigs
FN:36,BandDetailsPage
FN:43,(anonymous_4)
FN:48,(anonymous_5)
FN:54,(anonymous_6)
FN:113,(anonymous_7)
FN:152,(anonymous_8)
FN:173,(anonymous_9)
FN:177,(anonymous_10)
FN:282,BandGigsList
FN:285,(anonymous_12)
FN:296,(anonymous_13)
FN:323,BandDetailsSkeleton
FNF:15
FNH:0
FNDA:0,getBand
FNDA:0,getMembers
FNDA:0,getGigs
FNDA:0,BandDetailsPage
FNDA:0,(anonymous_4)
FNDA:0,(anonymous_5)
FNDA:0,(anonymous_6)
FNDA:0,(anonymous_7)
FNDA:0,(anonymous_8)
FNDA:0,(anonymous_9)
FNDA:0,(anonymous_10)
FNDA:0,BandGigsList
FNDA:0,(anonymous_12)
FNDA:0,(anonymous_13)
FNDA:0,BandDetailsSkeleton
DA:17,0
DA:18,0
DA:19,0
DA:23,0
DA:24,0
DA:25,0
DA:29,0
DA:32,0
DA:33,0
DA:37,0
DA:38,0
DA:39,0
DA:41,0
DA:43,0
DA:46,0
DA:48,0
DA:53,0
DA:54,0
DA:55,0
DA:57,0
DA:58,0
DA:60,0
DA:114,0
DA:153,0
DA:173,0
DA:178,0
DA:283,0
DA:285,0
DA:288,0
DA:290,0
DA:291,0
DA:294,0
DA:297,0
DA:324,0
LF:34
LH:0
BRDA:18,0,0,0
BRDA:18,0,1,0
BRDA:24,1,0,0
BRDA:24,1,1,0
BRDA:32,2,0,0
BRDA:32,2,1,0
BRDA:54,3,0,0
BRDA:54,3,1,0
BRDA:55,4,0,0
BRDA:55,4,1,0
BRDA:57,5,0,0
BRDA:57,5,1,0
BRDA:58,6,0,0
BRDA:58,6,1,0
BRDA:69,7,0,0
BRDA:69,7,1,0
BRDA:79,8,0,0
BRDA:79,8,1,0
BRDA:85,9,0,0
BRDA:85,9,1,0
BRDA:91,10,0,0
BRDA:91,10,1,0
BRDA:96,11,0,0
BRDA:96,11,1,0
BRDA:101,12,0,0
BRDA:101,12,1,0
BRDA:106,13,0,0
BRDA:106,13,1,0
BRDA:122,14,0,0
BRDA:122,14,1,0
BRDA:138,15,0,0
BRDA:138,15,1,0
BRDA:145,16,0,0
BRDA:145,16,1,0
BRDA:145,16,2,0
BRDA:171,17,0,0
BRDA:171,17,1,0
BRDA:180,18,0,0
BRDA:180,18,1,0
BRDA:186,19,0,0
BRDA:186,19,1,0
BRDA:187,20,0,0
BRDA:187,20,1,0
BRDA:190,21,0,0
BRDA:190,21,1,0
BRDA:190,21,2,0
BRDA:199,22,0,0
BRDA:199,22,1,0
BRDA:199,22,2,0
BRDA:206,23,0,0
BRDA:206,23,1,0
BRDA:211,24,0,0
BRDA:211,24,1,0
BRDA:220,25,0,0
BRDA:220,25,1,0
BRDA:224,26,0,0
BRDA:224,26,1,0
BRDA:235,27,0,0
BRDA:235,27,1,0
BRDA:248,28,0,0
BRDA:248,28,1,0
BRDA:288,29,0,0
BRDA:288,29,1,0
BRDA:290,30,0,0
BRDA:290,30,1,0
BRDA:290,31,0,0
BRDA:290,31,1,0
BRDA:310,32,0,0
BRDA:310,32,1,0
BRF:69
BRH:0
end_of_record
TN:
SF:app/local-music-network/bands/[id]/manage/page.tsx
FN:19,getBand
FN:25,getMembers
FN:31,ManageBandPage
FN:41,(anonymous_3)
FN:46,(anonymous_4)
FN:63,(anonymous_5)
FN:84,(anonymous_6)
FN:100,(anonymous_7)
FN:104,(anonymous_8)
FN:115,(anonymous_9)
FN:143,AddMemberForm
FN:151,(anonymous_11)
FN:161,(anonymous_12)
FN:167,(anonymous_13)
FN:181,(anonymous_14)
FN:192,(anonymous_15)
FN:203,(anonymous_16)
FN:207,(anonymous_17)
FNF:18
FNH:0
FNDA:0,getBand
FNDA:0,getMembers
FNDA:0,ManageBandPage
FNDA:0,(anonymous_3)
FNDA:0,(anonymous_4)
FNDA:0,(anonymous_5)
FNDA:0,(anonymous_6)
FNDA:0,(anonymous_7)
FNDA:0,(anonymous_8)
FNDA:0,(anonymous_9)
FNDA:0,AddMemberForm
FNDA:0,(anonymous_11)
FNDA:0,(anonymous_12)
FNDA:0,(anonymous_13)
FNDA:0,(anonymous_14)
FNDA:0,(anonymous_15)
FNDA:0,(anonymous_16)
FNDA:0,(anonymous_17)
DA:20,0
DA:21,0
DA:22,0
DA:26,0
DA:27,0
DA:28,0
DA:32,0
DA:33,0
DA:34,0
DA:35,0
DA:36,0
DA:37,0
DA:39,0
DA:41,0
DA:44,0
DA:46,0
DA:51,0
DA:52,0
DA:53,0
DA:56,0
DA:57,0
DA:60,0
DA:63,0
DA:65,0
DA:66,0
DA:78,0
DA:84,0
DA:101,0
DA:104,0
DA:116,0
DA:144,0
DA:145,0
DA:146,0
DA:147,0
DA:148,0
DA:150,0
DA:152,0
DA:157,0
DA:158,0
DA:159,0
DA:162,0
DA:163,0
DA:164,0
DA:165,0
DA:168,0
DA:172,0
DA:181,0
DA:192,0
DA:203,0
DA:207,0
LF:50
LH:0
BRDA:21,0,0,0
BRDA:21,0,1,0
BRDA:27,1,0,0
BRDA:27,1,1,0
BRDA:51,2,0,0
BRDA:51,2,1,0
BRDA:51,3,0,0
BRDA:51,3,1,0
BRDA:56,4,0,0
BRDA:56,4,1,0
BRDA:56,5,0,0
BRDA:56,5,1,0
BRDA:60,6,0,0
BRDA:60,6,1,0
BRDA:63,7,0,0
BRDA:63,7,1,0
BRDA:63,8,0,0
BRDA:63,8,1,0
BRDA:65,9,0,0
BRDA:65,9,1,0
BRDA:125,10,0,0
BRDA:125,10,1,0
BRDA:158,11,0,0
BRDA:158,11,1,0
BRDA:158,12,0,0
BRDA:158,12,1,0
BRDA:208,13,0,0
BRDA:208,13,1,0
BRF:28
BRH:0
end_of_record
TN:
SF:app/local-music-network/bands/new/page.tsx
FN:13,CreateBandPage
FN:18,(anonymous_1)
FN:58,(anonymous_2)
FN:59,(anonymous_3)
FNF:4
FNH:0
FNDA:0,CreateBandPage
FNDA:0,(anonymous_1)
FNDA:0,(anonymous_2)
FNDA:0,(anonymous_3)
DA:14,0
DA:15,0
DA:16,0
DA:18,0
DA:19,0
DA:20,0
DA:25,0
DA:29,0
DA:30,0
DA:42,0
DA:58,0
DA:59,0
LF:12
LH:0
BRDA:19,0,0,0
BRDA:19,0,1,0
BRDA:19,1,0,0
BRDA:19,1,1,0
BRDA:29,2,0,0
BRDA:29,2,1,0
BRDA:29,3,0,0
BRDA:29,3,1,0
BRF:8
BRH:0
end_of_record
TN:
SF:app/local-music-network/classifieds/page.tsx
FN:18,ClassifiedsPage
FN:25,(anonymous_1)
FN:63,(anonymous_2)
FN:84,(anonymous_3)
FN:94,(anonymous_4)
FN:108,(anonymous_5)
FNF:6
FNH:0
FNDA:0,ClassifiedsPage
FNDA:0,(anonymous_1)
FNDA:0,(anonymous_2)
FNDA:0,(anonymous_3)
FNDA:0,(anonymous_4)
FNDA:0,(anonymous_5)
DA:19,0
DA:20,0
DA:21,0
DA:23,0
DA:26,0
DA:27,0
DA:28,0
DA:29,0
DA:31,0
DA:32,0
DA:33,0
DA:37,0
DA:63,0
DA:85,0
DA:95,0
DA:109,0
LF:16
LH:0
BRDA:27,0,0,0
BRDA:27,0,1,0
BRDA:28,1,0,0
BRDA:28,1,1,0
BRDA:28,2,0,0
BRDA:28,2,1,0
BRDA:29,3,0,0
BRDA:29,3,1,0
BRDA:29,4,0,0
BRDA:29,4,1,0
BRDA:32,5,0,0
BRDA:32,5,1,0
BRDA:92,6,0,0
BRDA:92,6,1,0
BRDA:98,7,0,0
BRDA:98,7,1,0
BRDA:113,8,0,0
BRDA:113,8,1,0
BRDA:114,9,0,0
BRDA:114,9,1,0
BRDA:116,10,0,0
BRDA:116,10,1,0
BRDA:130,11,0,0
BRDA:130,11,1,0
BRDA:136,12,0,0
BRDA:136,12,1,0
BRF:26
BRH:0
end_of_record
TN:
SF:app/local-music-network/classifieds/[id]/page.tsx
FN:17,ClassifiedDetailPage
FN:26,(anonymous_1)
FN:33,(anonymous_2)
FN:75,(anonymous_3)
FN:89,(anonymous_4)
FNF:5
FNH:0
FNDA:0,ClassifiedDetailPage
FNDA:0,(anonymous_1)
FNDA:0,(anonymous_2)
FNDA:0,(anonymous_3)
FNDA:0,(anonymous_4)
DA:18,0
DA:19,0
DA:20,0
DA:21,0
DA:22,0
DA:24,0
DA:27,0
DA:28,0
DA:29,0
DA:33,0
DA:34,0
DA:36,0
DA:37,0
DA:41,0
DA:43,0
DA:47,0
DA:49,0
DA:57,0
DA:58,0
DA:69,0
DA:70,0
DA:75,0
DA:83,0
DA:85,0
DA:89,0
LF:25
LH:0
BRDA:28,0,0,0
BRDA:28,0,1,0
BRDA:34,1,0,0
BRDA:34,1,1,0
BRDA:41,2,0,0
BRDA:41,2,1,0
BRDA:57,3,0,0
BRDA:57,3,1,0
BRDA:69,4,0,0
BRDA:69,4,1,0
BRDA:69,5,0,0
BRDA:69,5,1,0
BRDA:97,6,0,0
BRDA:97,6,1,0
BRDA:98,7,0,0
BRDA:98,7,1,0
BRDA:100,8,0,0
BRDA:100,8,1,0
BRDA:101,9,0,0
BRDA:101,9,1,0
BRDA:109,10,0,0
BRDA:109,10,1,0
BRDA:123,11,0,0
BRDA:123,11,1,0
BRF:24
BRH:0
end_of_record
TN:
SF:app/local-music-network/classifieds/new/page.tsx
FN:33,NewClassifiedPage
FN:50,onSubmit
FN:102,(anonymous_2)
FN:124,(anonymous_3)
FN:140,(anonymous_4)
FN:150,(anonymous_5)
FN:163,(anonymous_6)
FN:173,(anonymous_7)
FN:187,(anonymous_8)
FN:197,(anonymous_9)
FN:210,(anonymous_10)
FNF:11
FNH:0
FNDA:0,NewClassifiedPage
FNDA:0,onSubmit
FNDA:0,(anonymous_2)
FNDA:0,(anonymous_3)
FNDA:0,(anonymous_4)
FNDA:0,(anonymous_5)
FNDA:0,(anonymous_6)
FNDA:0,(anonymous_7)
FNDA:0,(anonymous_8)
FNDA:0,(anonymous_9)
FNDA:0,(anonymous_10)
DA:22,0
DA:34,0
DA:35,0
DA:36,0
DA:38,0
DA:48,0
DA:51,0
DA:52,0
DA:58,0
DA:60,0
DA:62,0
DA:67,0
DA:69,0
DA:77,0
DA:79,0
DA:80,0
DA:81,0
DA:84,0
DA:103,0
DA:125,0
DA:141,0
DA:151,0
DA:164,0
DA:174,0
DA:188,0
DA:198,0
DA:211,0
LF:27
LH:0
BRDA:58,0,0,0
BRDA:58,0,1,0
BRDA:77,1,0,0
BRDA:77,1,1,0
BRDA:79,2,0,0
BRDA:79,2,1,0
BRDA:143,3,0,0
BRDA:143,3,1,0
BRDA:166,4,0,0
BRDA:166,4,1,0
BRDA:226,5,0,0
BRDA:226,5,1,0
BRF:12
BRH:0
end_of_record
TN:
SF:app/local-music-network/dashboard/page.tsx
FN:5,DashboardPage
FNF:1
FNH:0
FNDA:0,DashboardPage
DA:3,0
DA:6,0
LF:2
LH:0
BRF:0
BRH:0
end_of_record
TN:
SF:app/local-music-network/dashboard/professional/page.tsx
FN:17,ProfessionalEditorPage
FN:26,(anonymous_1)
FNF:2
FNH:0
FNDA:0,ProfessionalEditorPage
FNDA:0,(anonymous_1)
DA:18,0
DA:19,0
DA:20,0
DA:21,0
DA:24,0
DA:27,0
DA:28,0
DA:29,0
DA:30,0
DA:31,0
DA:36,0
DA:37,0
DA:40,0
DA:41,0
DA:42,0
DA:45,0
LF:16
LH:0
BRDA:27,0,0,0
BRDA:27,0,1,0
BRDA:29,1,0,0
BRDA:29,1,1,0
BRDA:30,2,0,0
BRDA:30,2,1,0
BRDA:36,3,0,0
BRDA:36,3,1,0
BRDA:36,4,0,0
BRDA:36,4,1,0
BRDA:40,5,0,0
BRDA:40,5,1,0
BRDA:51,6,0,0
BRDA:51,6,1,0
BRF:14
BRH:0
end_of_record
TN:
SF:app/local-music-network/gigs/page.tsx
FN:19,GigsPage
FN:32,(anonymous_1)
FN:45,(anonymous_2)
FN:50,(anonymous_3)
FN:82,(anonymous_4)
FN:91,(anonymous_5)
FN:96,(anonymous_6)
FN:110,(anonymous_7)
FNF:8
FNH:0
FNDA:0,GigsPage
FNDA:0,(anonymous_1)
FNDA:0,(anonymous_2)
FNDA:0,(anonymous_3)
FNDA:0,(anonymous_4)
FNDA:0,(anonymous_5)
FNDA:0,(anonymous_6)
FNDA:0,(anonymous_7)
DA:20,0
DA:21,0
DA:29,0
DA:33,0
DA:34,0
DA:39,0
DA:41,0
DA:42,0
DA:43,0
DA:46,0
DA:50,0
DA:52,0
DA:82,0
DA:91,0
DA:97,0
DA:110,0
LF:16
LH:0
BRDA:32,0,0,0
BRDA:39,1,0,0
BRDA:39,1,1,0
BRDA:42,2,0,0
BRDA:42,2,1,0
BRDA:46,3,0,0
BRDA:46,3,1,0
BRDA:50,4,0,0
BRDA:50,4,1,0
BRDA:66,5,0,0
BRDA:66,5,1,0
BRDA:89,6,0,0
BRDA:89,6,1,0
BRDA:101,7,0,0
BRDA:101,7,1,0
BRDA:107,8,0,0
BRDA:107,8,1,0
BRDA:115,9,0,0
BRDA:115,9,1,0
BRF:19
BRH:0
end_of_record
TN:
SF:app/local-music-network/gigs/[id]/page.tsx
FN:19,GigDetailPage
FN:27,(anonymous_1)
FN:56,(anonymous_2)
FN:65,(anonymous_3)
FN:118,(anonymous_4)
FN:226,(anonymous_5)
FNF:6
FNH:0
FNDA:0,GigDetailPage
FNDA:0,(anonymous_1)
FNDA:0,(anonymous_2)
FNDA:0,(anonymous_3)
FNDA:0,(anonymous_4)
FNDA:0,(anonymous_5)
DA:20,0
DA:21,0
DA:22,0
DA:23,0
DA:25,0
DA:27,0
DA:31,0
DA:32,0
DA:50,0
DA:51,0
DA:56,0
DA:64,0
DA:65,0
DA:66,0
DA:69,0
DA:70,0
DA:71,0
DA:73,0
DA:118,0
DA:227,0
LF:20
LH:0
BRDA:31,0,0,0
BRDA:31,0,1,0
BRDA:50,1,0,0
BRDA:50,1,1,0
BRDA:66,2,0,0
BRDA:66,2,1,0
BRDA:69,3,0,0
BRDA:69,3,1,0
BRDA:69,3,2,0
BRDA:70,4,0,0
BRDA:70,4,1,0
BRDA:71,5,0,0
BRDA:71,5,1,0
BRDA:71,6,0,0
BRDA:71,6,1,0
BRDA:80,7,0,0
BRDA:80,7,1,0
BRDA:88,8,0,0
BRDA:88,8,1,0
BRDA:100,9,0,0
BRDA:100,9,1,0
BRDA:117,10,0,0
BRDA:117,10,1,0
BRDA:133,11,0,0
BRDA:133,11,1,0
BRDA:142,12,0,0
BRDA:142,12,1,0
BRDA:147,13,0,0
BRDA:147,13,1,0
BRDA:158,14,0,0
BRDA:158,14,1,0
BRDA:190,15,0,0
BRDA:190,15,1,0
BRDA:190,16,0,0
BRDA:190,16,1,0
BRDA:197,17,0,0
BRDA:197,17,1,0
BRDA:207,18,0,0
BRDA:207,18,1,0
BRDA:218,19,0,0
BRDA:218,19,1,0
BRDA:218,19,2,0
BRDA:229,20,0,0
BRDA:229,20,1,0
BRDA:231,21,0,0
BRDA:231,21,1,0
BRF:46
BRH:0
end_of_record
TN:
SF:app/local-music-network/gigs/[id]/edit/page.tsx
FN:22,EditGigPage
FN:51,(anonymous_1)
FN:55,(anonymous_2)
FN:73,(anonymous_3)
FN:105,(anonymous_4)
FN:118,(anonymous_5)
FN:123,(anonymous_6)
FN:129,(anonymous_7)
FN:132,(anonymous_8)
FN:137,(anonymous_9)
FN:143,(anonymous_10)
FN:146,(anonymous_11)
FN:150,(anonymous_12)
FN:171,(anonymous_13)
FN:176,(anonymous_14)
FN:191,(anonymous_15)
FN:196,(anonymous_16)
FN:200,(anonymous_17)
FN:205,(anonymous_18)
FN:212,(anonymous_19)
FN:218,(anonymous_20)
FN:225,(anonymous_21)
FN:234,(anonymous_22)
FN:240,(anonymous_23)
FN:247,(anonymous_24)
FN:257,(anonymous_25)
FN:262,(anonymous_26)
FN:266,(anonymous_27)
FN:291,(anonymous_28)
FN:293,(anonymous_29)
FN:314,(anonymous_30)
FN:323,(anonymous_31)
FNF:32
FNH:0
FNDA:0,EditGigPage
FNDA:0,(anonymous_1)
FNDA:0,(anonymous_2)
FNDA:0,(anonymous_3)
FNDA:0,(anonymous_4)
FNDA:0,(anonymous_5)
FNDA:0,(anonymous_6)
FNDA:0,(anonymous_7)
FNDA:0,(anonymous_8)
FNDA:0,(anonymous_9)
FNDA:0,(anonymous_10)
FNDA:0,(anonymous_11)
FNDA:0,(anonymous_12)
FNDA:0,(anonymous_13)
FNDA:0,(anonymous_14)
FNDA:0,(anonymous_15)
FNDA:0,(anonymous_16)
FNDA:0,(anonymous_17)
FNDA:0,(anonymous_18)
FNDA:0,(anonymous_19)
FNDA:0,(anonymous_20)
FNDA:0,(anonymous_21)
FNDA:0,(anonymous_22)
FNDA:0,(anonymous_23)
FNDA:0,(anonymous_24)
FNDA:0,(anonymous_25)
FNDA:0,(anonymous_26)
FNDA:0,(anonymous_27)
FNDA:0,(anonymous_28)
FNDA:0,(anonymous_29)
FNDA:0,(anonymous_30)
FNDA:0,(anonymous_31)
DA:23,0
DA:24,0
DA:25,0
DA:26,0
DA:27,0
DA:28,0
DA:31,0
DA:32,0
DA:33,0
DA:34,0
DA:35,0
DA:36,0
DA:37,0
DA:38,0
DA:39,0
DA:42,0
DA:43,0
DA:44,0
DA:47,0
DA:49,0
DA:51,0
DA:55,0
DA:56,0
DA:57,0
DA:59,0
DA:60,0
DA:61,0
DA:63,0
DA:64,0
DA:65,0
DA:66,0
DA:67,0
DA:68,0
DA:69,0
DA:73,0
DA:74,0
DA:75,0
DA:77,0
DA:78,0
DA:79,0
DA:81,0
DA:82,0
DA:83,0
DA:84,0
DA:85,0
DA:86,0
DA:88,0
DA:91,0
DA:93,0
DA:95,0
DA:96,0
DA:98,0
DA:99,0
DA:104,0
DA:106,0
DA:119,0
DA:120,0
DA:121,0
DA:124,0
DA:128,0
DA:130,0
DA:133,0
DA:134,0
DA:135,0
DA:138,0
DA:142,0
DA:144,0
DA:147,0
DA:148,0
DA:151,0
DA:155,0
DA:156,0
DA:159,0
DA:164,0
DA:171,0
DA:176,0
DA:191,0
DA:196,0
DA:200,0
DA:205,0
DA:212,0
DA:218,0
DA:225,0
DA:234,0
DA:240,0
DA:247,0
DA:257,0
DA:262,0
DA:266,0
DA:291,0
DA:293,0
DA:315,0
DA:323,0
LF:93
LH:0
BRDA:56,0,0,0
BRDA:56,0,1,0
BRDA:64,1,0,0
BRDA:64,1,1,0
BRDA:65,2,0,0
BRDA:65,2,1,0
BRDA:66,3,0,0
BRDA:66,3,1,0
BRDA:66,4,0,0
BRDA:66,4,1,0
BRDA:67,5,0,0
BRDA:67,5,1,0
BRDA:68,6,0,0
BRDA:68,6,1,0
BRDA:69,7,0,0
BRDA:69,7,1,0
BRDA:75,8,0,0
BRDA:75,8,1,0
BRDA:83,9,0,0
BRDA:83,9,1,0
BRDA:83,10,0,0
BRDA:83,10,1,0
BRDA:84,11,0,0
BRDA:84,11,1,0
BRDA:85,12,0,0
BRDA:85,12,1,0
BRDA:88,13,0,0
BRDA:88,13,1,0
BRDA:95,14,0,0
BRDA:95,14,1,0
BRDA:95,15,0,0
BRDA:95,15,1,0
BRDA:98,16,0,0
BRDA:98,16,1,0
BRDA:98,17,0,0
BRDA:98,17,1,0
BRDA:112,18,0,0
BRDA:112,18,1,0
BRDA:112,19,0,0
BRDA:112,19,1,0
BRDA:155,20,0,0
BRDA:155,20,1,0
BRDA:155,21,0,0
BRDA:155,21,1,0
BRDA:159,22,0,0
BRDA:159,22,1,0
BRDA:176,23,0,0
BRDA:176,23,1,0
BRDA:177,24,0,0
BRDA:177,24,1,0
BRDA:227,25,0,0
BRDA:227,25,1,0
BRDA:249,26,0,0
BRDA:249,26,1,0
BRDA:293,27,0,0
BRDA:293,27,1,0
BRDA:308,28,0,0
BRDA:308,28,1,0
BRDA:317,29,0,0
BRDA:317,29,1,0
BRDA:317,29,2,0
BRDA:328,30,0,0
BRDA:328,30,1,0
BRDA:328,30,2,0
BRF:64
BRH:0
end_of_record
TN:
SF:app/local-music-network/gigs/new/page.tsx
FN:17,getMyBands
FN:23,getMyMusicianProfiles
FN:30,CreateGigContent
FN:62,(anonymous_3)
FN:91,(anonymous_4)
FN:95,(anonymous_5)
FN:119,(anonymous_6)
FN:145,(anonymous_7)
FN:157,(anonymous_8)
FN:169,(anonymous_9)
FN:173,(anonymous_10)
FN:174,(anonymous_11)
FN:184,(anonymous_12)
FN:193,(anonymous_13)
FN:198,(anonymous_14)
FN:204,(anonymous_15)
FN:209,(anonymous_16)
FN:218,(anonymous_17)
FN:224,(anonymous_18)
FN:229,(anonymous_19)
FN:230,(anonymous_20)
FN:244,CreateGigPage
FNF:22
FNH:0
FNDA:0,getMyBands
FNDA:0,getMyMusicianProfiles
FNDA:0,CreateGigContent
FNDA:0,(anonymous_3)
FNDA:0,(anonymous_4)
FNDA:0,(anonymous_5)
FNDA:0,(anonymous_6)
FNDA:0,(anonymous_7)
FNDA:0,(anonymous_8)
FNDA:0,(anonymous_9)
FNDA:0,(anonymous_10)
FNDA:0,(anonymous_11)
FNDA:0,(anonymous_12)
FNDA:0,(anonymous_13)
FNDA:0,(anonymous_14)
FNDA:0,(anonymous_15)
FNDA:0,(anonymous_16)
FNDA:0,(anonymous_17)
FNDA:0,(anonymous_18)
FNDA:0,(anonymous_19)
FNDA:0,(anonymous_20)
FNDA:0,CreateGigPage
DA:18,0
DA:19,0
DA:20,0
DA:24,0
DA:25,0
DA:26,0
DA:31,0
DA:32,0
DA:33,0
DA:34,0
DA:36,0
DA:39,0
DA:40,0
DA:41,0
DA:42,0
DA:43,0
DA:44,0
DA:45,0
DA:46,0
DA:47,0
DA:49,0
DA:55,0
DA:61,0
DA:63,0
DA:65,0
DA:76,0
DA:77,0
DA:79,0
DA:82,0
DA:87,0
DA:88,0
DA:89,0
DA:92,0
DA:93,0
DA:96,0
DA:100,0
DA:101,0
DA:104,0
DA:105,0
DA:106,0
DA:109,0
DA:110,0
DA:112,0
DA:113,0
DA:119,0
DA:126,0
DA:145,0
DA:157,0
DA:169,0
DA:173,0
DA:174,0
DA:184,0
DA:193,0
DA:198,0
DA:204,0
DA:209,0
DA:218,0
DA:224,0
DA:229,0
DA:230,0
DA:245,0
LF:61
LH:0
BRDA:19,0,0,0
BRDA:19,0,1,0
BRDA:25,1,0,0
BRDA:25,1,1,0
BRDA:47,2,0,0
BRDA:47,2,1,0
BRDA:63,3,0,0
BRDA:63,3,1,0
BRDA:71,4,0,0
BRDA:71,4,1,0
BRDA:76,5,0,0
BRDA:76,5,1,0
BRDA:88,6,0,0
BRDA:88,6,1,0
BRDA:88,7,0,0
BRDA:88,7,1,0
BRDA:100,8,0,0
BRDA:100,8,1,0
BRDA:100,9,0,0
BRDA:100,9,1,0
BRDA:100,9,2,0
BRDA:104,10,0,0
BRDA:104,10,1,0
BRDA:109,11,0,0
BRDA:109,11,1,0
BRDA:110,12,0,0
BRDA:110,12,1,0
BRDA:112,13,0,0
BRDA:112,13,1,0
BRDA:112,14,0,0
BRDA:112,14,1,0
BRDA:138,15,0,0
BRDA:138,15,1,0
BRDA:150,16,0,0
BRDA:150,16,1,0
BRDA:165,17,0,0
BRDA:165,17,1,0
BRDA:172,18,0,0
BRDA:172,18,1,0
BRDA:230,19,0,0
BRDA:230,19,1,0
BRDA:231,20,0,0
BRDA:231,20,1,0
BRF:43
BRH:0
end_of_record
TN:
SF:app/local-music-network/login/page.tsx
FN:30,LoginPage
FN:38,LoginForm
FN:55,(anonymous_2)
FN:68,(anonymous_3)
FN:90,(anonymous_4)
FN:191,(anonymous_5)
FN:241,(anonymous_6)
FN:254,(anonymous_7)
FN:274,(anonymous_8)
FN:291,(anonymous_9)
FN:307,(anonymous_10)
FN:321,(anonymous_11)
FN:331,(anonymous_12)
FN:340,(anonymous_13)
FN:351,(anonymous_14)
FN:352,(anonymous_15)
FN:353,(anonymous_16)
FN:366,(anonymous_17)
FN:385,(anonymous_18)
FNF:19
FNH:0
FNDA:0,LoginPage
FNDA:0,LoginForm
FNDA:0,(anonymous_2)
FNDA:0,(anonymous_3)
FNDA:0,(anonymous_4)
FNDA:0,(anonymous_5)
FNDA:0,(anonymous_6)
FNDA:0,(anonymous_7)
FNDA:0,(anonymous_8)
FNDA:0,(anonymous_9)
FNDA:0,(anonymous_10)
FNDA:0,(anonymous_11)
FNDA:0,(anonymous_12)
FNDA:0,(anonymous_13)
FNDA:0,(anonymous_14)
FNDA:0,(anonymous_15)
FNDA:0,(anonymous_16)
FNDA:0,(anonymous_17)
FNDA:0,(anonymous_18)
DA:31,0
DA:39,0
DA:40,0
DA:41,0
DA:42,0
DA:43,0
DA:44,0
DA:45,0
DA:46,0
DA:47,0
DA:48,0
DA:49,0
DA:50,0
DA:51,0
DA:52,0
DA:53,0
DA:55,0
DA:56,0
DA:57,0
DA:58,0
DA:59,0
DA:60,0
DA:61,0
DA:63,0
DA:64,0
DA:68,0
DA:69,0
DA:70,0
DA:71,0
DA:72,0
DA:73,0
DA:75,0
DA:76,0
DA:77,0
DA:78,0
DA:79,0
DA:82,0
DA:90,0
DA:91,0
DA:93,0
DA:94,0
DA:99,0
DA:102,0
DA:105,0
DA:106,0
DA:110,0
DA:112,0
DA:113,0
DA:114,0
DA:115,0
DA:117,0
DA:133,0
DA:134,0
DA:135,0
DA:140,0
DA:147,0
DA:148,0
DA:149,0
DA:152,0
DA:158,0
DA:166,0
DA:192,0
DA:193,0
DA:241,0
DA:255,0
DA:256,0
DA:257,0
DA:274,0
DA:291,0
DA:308,0
DA:309,0
DA:321,0
DA:331,0
DA:340,0
DA:351,0
DA:352,0
DA:353,0
DA:366,0
DA:385,0
LF:79
LH:0
BRDA:60,0,0,0
BRDA:60,0,1,0
BRDA:60,1,0,0
BRDA:60,1,1,0
BRDA:60,1,2,0
BRDA:63,2,0,0
BRDA:63,2,1,0
BRDA:71,3,0,0
BRDA:71,3,1,0
BRDA:73,4,0,0
BRDA:73,4,1,0
BRDA:75,5,0,0
BRDA:75,5,1,0
BRDA:77,6,0,0
BRDA:77,6,1,0
BRDA:93,7,0,0
BRDA:93,7,1,0
BRDA:105,8,0,0
BRDA:105,8,1,0
BRDA:113,9,0,0
BRDA:113,9,1,0
BRDA:115,10,0,0
BRDA:115,10,1,0
BRDA:124,11,0,0
BRDA:124,11,1,0
BRDA:134,12,0,0
BRDA:134,12,1,0
BRDA:147,13,0,0
BRDA:147,13,1,0
BRDA:172,14,0,0
BRDA:172,14,1,0
BRDA:180,15,0,0
BRDA:180,15,1,0
BRDA:245,16,0,0
BRDA:245,16,1,0
BRDA:257,17,0,0
BRDA:257,17,1,0
BRDA:270,18,0,0
BRDA:270,18,1,0
BRDA:275,19,0,0
BRDA:275,19,1,0
BRDA:285,20,0,0
BRDA:285,20,1,0
BRDA:299,21,0,0
BRDA:299,21,1,0
BRDA:305,22,0,0
BRDA:305,22,1,0
BRDA:320,23,0,0
BRDA:320,23,1,0
BRDA:335,24,0,0
BRDA:335,24,1,0
BRDA:350,25,0,0
BRDA:350,25,1,0
BRDA:359,26,0,0
BRDA:359,26,1,0
BRDA:360,27,0,0
BRDA:360,27,1,0
BRDA:368,28,0,0
BRDA:368,28,1,0
BRF:59
BRH:0
end_of_record
TN:
SF:app/local-music-network/marketplace/page.tsx
FN:5,MarketplacePage
FNF:1
FNH:0
FNDA:0,MarketplacePage
DA:6,0
LF:1
LH:0
BRF:0
BRH:0
end_of_record
TN:
SF:app/local-music-network/marketplace/[id]/page.tsx
FN:5,ListingDetailPage
FNF:1
FNH:0
FNDA:0,ListingDetailPage
DA:6,0
LF:1
LH:0
BRF:0
BRH:0
end_of_record
TN:
SF:app/local-music-network/messages/page.tsx
FN:5,MessagesPage
FNF:1
FNH:0
FNDA:0,MessagesPage
DA:6,0
LF:1
LH:0
BRF:0
BRH:0
end_of_record
TN:
SF:app/local-music-network/messages/[userId]/page.tsx
FN:5,MessagesUserPage
FNF:1
FNH:0
FNDA:0,MessagesUserPage
DA:6,0
LF:1
LH:0
BRF:0
BRH:0
end_of_record
TN:
SF:app/local-music-network/musicians/page.tsx
FN:5,MusiciansPage
FNF:1
FNH:0
FNDA:0,MusiciansPage
DA:6,0
LF:1
LH:0
BRF:0
BRH:0
end_of_record
TN:
SF:app/local-music-network/musicians/[id]/page.tsx
FN:5,MusicianDetailPage
FNF:1
FNH:0
FNDA:0,MusicianDetailPage
DA:6,0
LF:1
LH:0
BRF:0
BRH:0
end_of_record
TN:
SF:app/local-music-network/notifications/page.tsx
FN:17,NotificationsPage
FN:28,(anonymous_1)
FN:31,(anonymous_2)
FN:38,(anonymous_3)
FN:41,(anonymous_4)
FN:53,(anonymous_5)
FN:62,(anonymous_6)
FN:83,(anonymous_7)
FN:94,(anonymous_8)
FN:105,(anonymous_9)
FN:112,(anonymous_10)
FN:160,RequestActionButtons
FN:165,(anonymous_12)
FN:176,(anonymous_13)
FN:181,(anonymous_14)
FN:191,(anonymous_15)
FN:200,(anonymous_16)
FNF:17
FNH:0
FNDA:0,NotificationsPage
FNDA:0,(anonymous_1)
FNDA:0,(anonymous_2)
FNDA:0,(anonymous_3)
FNDA:0,(anonymous_4)
FNDA:0,(anonymous_5)
FNDA:0,(anonymous_6)
FNDA:0,(anonymous_7)
FNDA:0,(anonymous_8)
FNDA:0,(anonymous_9)
FNDA:0,(anonymous_10)
FNDA:0,RequestActionButtons
FNDA:0,(anonymous_12)
FNDA:0,(anonymous_13)
FNDA:0,(anonymous_14)
FNDA:0,(anonymous_15)
FNDA:0,(anonymous_16)
DA:18,0
DA:19,0
DA:20,0
DA:22,0
DA:27,0
DA:29,0
DA:32,0
DA:33,0
DA:37,0
DA:39,0
DA:42,0
DA:43,0
DA:47,0
DA:48,0
DA:49,0
DA:50,0
DA:53,0
DA:54,0
DA:55,0
DA:57,0
DA:58,0
DA:62,0
DA:63,0
DA:64,0
DA:65,0
DA:66,0
DA:70,0
DA:83,0
DA:94,0
DA:106,0
DA:112,0
DA:161,0
DA:162,0
DA:164,0
DA:166,0
DA:171,0
DA:174,0
DA:177,0
DA:178,0
DA:179,0
DA:182,0
DA:186,0
DA:191,0
DA:200,0
LF:44
LH:0
BRDA:47,0,0,0
BRDA:47,0,1,0
BRDA:48,1,0,0
BRDA:48,1,1,0
BRDA:54,2,0,0
BRDA:54,2,1,0
BRDA:57,3,0,0
BRDA:57,3,1,0
BRDA:63,4,0,0
BRDA:63,4,1,0
BRDA:63,4,2,0
BRDA:79,5,0,0
BRDA:79,5,1,0
BRDA:79,5,2,0
BRDA:92,6,0,0
BRDA:92,6,1,0
BRDA:96,7,0,0
BRDA:96,7,1,0
BRDA:110,8,0,0
BRDA:110,8,1,0
BRDA:116,9,0,0
BRDA:116,9,1,0
BRDA:122,10,0,0
BRDA:122,10,1,0
BRDA:133,11,0,0
BRDA:133,11,1,0
BRDA:140,12,0,0
BRDA:140,12,1,0
BRDA:140,12,2,0
BRDA:140,12,3,0
BRDA:171,13,0,0
BRDA:171,13,1,0
BRF:32
BRH:0
end_of_record
TN:
SF:app/local-music-network/professionals/page.tsx
FN:5,ProfessionalsPage
FNF:1
FNH:0
FNDA:0,ProfessionalsPage
DA:6,0
LF:1
LH:0
BRF:0
BRH:0
end_of_record
TN:
SF:app/local-music-network/professionals/[id]/page.tsx
FN:18,ProfessionalDetailPage
FN:26,(anonymous_1)
FN:51,(anonymous_2)
FN:62,(anonymous_3)
FN:72,(anonymous_4)
FN:216,ProfessionalContactSection
FN:222,(anonymous_6)
FN:236,(anonymous_7)
FN:248,(anonymous_8)
FN:252,(anonymous_9)
FN:295,(anonymous_10)
FNF:11
FNH:0
FNDA:0,ProfessionalDetailPage
FNDA:0,(anonymous_1)
FNDA:0,(anonymous_2)
FNDA:0,(anonymous_3)
FNDA:0,(anonymous_4)
FNDA:0,ProfessionalContactSection
FNDA:0,(anonymous_6)
FNDA:0,(anonymous_7)
FNDA:0,(anonymous_8)
FNDA:0,(anonymous_9)
FNDA:0,(anonymous_10)
DA:19,0
DA:20,0
DA:21,0
DA:22,0
DA:24,0
DA:27,0
DA:28,0
DA:29,0
DA:33,0
DA:34,0
DA:45,0
DA:46,0
DA:51,0
DA:59,0
DA:62,0
DA:63,0
DA:64,0
DA:65,0
DA:68,0
DA:72,0
DA:217,0
DA:220,0
DA:223,0
DA:224,0
DA:225,0
DA:226,0
DA:227,0
DA:229,0
DA:235,0
DA:237,0
DA:242,0
DA:243,0
DA:244,0
DA:246,0
DA:249,0
DA:250,0
DA:253,0
DA:257,0
DA:258,0
DA:259,0
DA:260,0
DA:262,0
DA:263,0
DA:281,0
DA:295,0
LF:45
LH:0
BRDA:28,0,0,0
BRDA:28,0,1,0
BRDA:33,1,0,0
BRDA:33,1,1,0
BRDA:45,2,0,0
BRDA:45,2,1,0
BRDA:45,3,0,0
BRDA:45,3,1,0
BRDA:63,4,0,0
BRDA:63,4,1,0
BRDA:64,5,0,0
BRDA:64,5,1,0
BRDA:84,6,0,0
BRDA:84,6,1,0
BRDA:85,7,0,0
BRDA:85,7,1,0
BRDA:102,8,0,0
BRDA:102,8,1,0
BRDA:109,9,0,0
BRDA:109,9,1,0
BRDA:116,10,0,0
BRDA:116,10,1,0
BRDA:123,11,0,0
BRDA:123,11,1,0
BRDA:130,12,0,0
BRDA:130,12,1,0
BRDA:137,13,0,0
BRDA:137,13,1,0
BRDA:147,14,0,0
BRDA:147,14,1,0
BRDA:152,15,0,0
BRDA:152,15,1,0
BRDA:186,16,0,0
BRDA:186,16,1,0
BRDA:223,17,0,0
BRDA:223,17,1,0
BRDA:223,18,0,0
BRDA:223,18,1,0
BRDA:226,19,0,0
BRDA:226,19,1,0
BRDA:232,20,0,0
BRDA:232,20,1,0
BRDA:232,20,2,0
BRDA:242,21,0,0
BRDA:242,21,1,0
BRDA:243,22,0,0
BRDA:243,22,1,0
BRDA:259,23,0,0
BRDA:259,23,1,0
BRDA:259,23,2,0
BRDA:262,24,0,0
BRDA:262,24,1,0
BRDA:265,25,0,0
BRDA:265,25,1,0
BRDA:271,26,0,0
BRDA:271,26,1,0
BRDA:286,27,0,0
BRDA:286,27,1,0
BRF:58
BRH:0
end_of_record
TN:
SF:app/local-music-network/search/page.tsx
FN:13,SearchPage
FN:66,(anonymous_1)
FN:77,(anonymous_2)
FN:88,(anonymous_3)
FN:98,(anonymous_4)
FN:106,(anonymous_5)
FN:114,(anonymous_6)
FNF:7
FNH:0
FNDA:0,SearchPage
FNDA:0,(anonymous_1)
FNDA:0,(anonymous_2)
FNDA:0,(anonymous_3)
FNDA:0,(anonymous_4)
FNDA:0,(anonymous_5)
FNDA:0,(anonymous_6)
DA:11,0
DA:16,0
DA:17,0
DA:18,0
DA:20,0
DA:26,0
DA:28,0
DA:67,0
DA:78,0
DA:89,0
DA:99,0
DA:107,0
DA:115,0
LF:13
LH:0
BRDA:17,0,0,0
BRDA:17,0,1,0
BRDA:18,1,0,0
BRDA:18,1,1,0
BRDA:26,2,0,0
BRDA:26,2,1,0
BRDA:26,2,2,0
BRDA:36,3,0,0
BRDA:36,3,1,0
BRDA:37,4,0,0
BRDA:37,4,1,0
BRDA:37,4,2,0
BRDA:38,5,0,0
BRDA:38,5,1,0
BRDA:42,6,0,0
BRDA:42,6,1,0
BRDA:62,7,0,0
BRDA:62,7,1,0
BRDA:73,8,0,0
BRDA:73,8,1,0
BRDA:84,9,0,0
BRDA:84,9,1,0
BRF:22
BRH:0
end_of_record
TN:
SF:app/volunteer-passport/layout.tsx
FN:23,RootLayout
FNF:1
FNH:0
FNDA:0,RootLayout
DA:11,0
DA:13,0
DA:28,0
LF:3
LH:0
BRF:0
BRH:0
end_of_record
TN:
SF:app/volunteer-passport/page.tsx
FN:5,VolunteerPassportHome
FNF:1
FNH:0
FNDA:0,VolunteerPassportHome
DA:6,0
LF:1
LH:0
BRF:0
BRH:0
end_of_record
TN:
SF:app/volunteer-passport/actions/volunteer.ts
FN:9,getVolunteerProfile
FN:31,upsertVolunteerProfile
FNF:2
FNH:0
FNDA:0,getVolunteerProfile
FNDA:0,upsertVolunteerProfile
DA:10,0
DA:11,0
DA:13,0
DA:15,0
DA:22,0
DA:25,0
DA:28,0
DA:37,0
DA:38,0
DA:40,0
DA:42,0
DA:46,0
DA:47,0
DA:57,0
DA:66,0
DA:67,0
LF:16
LH:0
BRDA:13,0,0,0
BRDA:13,0,1,0
BRDA:22,1,0,0
BRDA:22,1,1,0
BRDA:40,2,0,0
BRDA:40,2,1,0
BRDA:46,3,0,0
BRDA:46,3,1,0
BRF:8
BRH:0
end_of_record
TN:
SF:app/volunteer-passport/dashboard/page.tsx
FN:3,DashboardPage
FNF:1
FNH:0
FNDA:0,DashboardPage
DA:4,0
LF:1
LH:0
BRF:0
BRH:0
end_of_record
TN:
SF:app/volunteer-passport/opportunities/page.tsx
FN:3,OpportunitiesPage
FNF:1
FNH:0
FNDA:0,OpportunitiesPage
DA:4,0
LF:1
LH:0
BRF:0
BRH:0
end_of_record
TN:
SF:app/volunteer-passport/profile/page.tsx
FN:5,VolunteerProfilePage
FNF:1
FNH:0
FNDA:0,VolunteerProfilePage
DA:6,0
DA:8,0
DA:15,0
LF:3
LH:0
BRDA:8,0,0,0
BRDA:8,0,1,0
BRDA:9,1,0,0
BRDA:9,1,1,0
BRDA:10,2,0,0
BRDA:10,2,1,0
BRDA:11,3,0,0
BRDA:11,3,1,0
BRDA:12,4,0,0
BRDA:12,4,1,0
BRF:10
BRH:0
end_of_record
TN:
SF:collections/CmsUsers.ts
FNF:0
FNH:0
DA:3,0
LF:1
LH:0
BRF:0
BRH:0
end_of_record
TN:
SF:collections/Media.ts
FN:7,(anonymous_0)
FNF:1
FNH:0
FNDA:0,(anonymous_0)
DA:3,0
DA:7,0
LF:2
LH:0
BRF:0
BRH:0
end_of_record
TN:
SF:collections/Pages.ts
FN:9,(anonymous_0)
FNF:1
FNH:0
FNDA:0,(anonymous_0)
DA:3,0
DA:9,0
LF:2
LH:0
BRF:0
BRH:0
end_of_record
TN:
SF:components/Logo.tsx
FN:10,Logo
FNF:1
FNH:0
FNDA:0,Logo
DA:11,0
LF:1
LH:0
BRDA:10,0,0,0
BRDA:12,1,0,0
BRDA:12,1,1,0
BRF:3
BRH:0
end_of_record
TN:
SF:components/SkipToContent.tsx
FN:6,SkipToContent
FNF:1
FNH:0
FNDA:0,SkipToContent
DA:7,0
LF:1
LH:0
BRF:0
BRH:0
end_of_record
TN:
SF:components/ThemeToggle.tsx
FN:8,ThemeToggle
FN:15,(anonymous_1)
FNF:2
FNH:0
FNDA:0,ThemeToggle
FNDA:0,(anonymous_1)
DA:9,0
DA:11,0
DA:15,0
LF:3
LH:0
BRDA:15,0,0,0
BRDA:15,0,1,0
BRF:2
BRH:0
end_of_record
TN:
SF:components/hub/HubHeader.tsx
FN:9,HubHeader
FNF:1
FNH:0
FNDA:0,HubHeader
DA:10,0
LF:1
LH:0
BRF:0
BRH:0
end_of_record
TN:
SF:components/hub/HubLanding.tsx
FN:9,HubLanding
FN:119,FeatureCard
FNF:2
FNH:0
FNDA:0,HubLanding
FNDA:0,FeatureCard
DA:10,0
DA:120,0
LF:2
LH:0
BRDA:127,0,0,0
BRDA:127,0,1,0
BRDA:129,1,0,0
BRDA:129,1,1,0
BRF:4
BRH:0
end_of_record
TN:
SF:components/local-music-network/AboriginalFlag.tsx
FN:7,AboriginalFlag
FNF:1
FNH:0
FNDA:0,AboriginalFlag
DA:8,0
LF:1
LH:0
BRF:0
BRH:0
end_of_record
TN:
SF:components/local-music-network/AccessibilityPanel.tsx
FN:29,AccessibilityPanel
FN:108,(anonymous_1)
FN:149,(anonymous_2)
FN:164,(anonymous_3)
FN:208,(anonymous_4)
FNF:5
FNH:0
FNDA:0,AccessibilityPanel
FNDA:0,(anonymous_1)
FNDA:0,(anonymous_2)
FNDA:0,(anonymous_3)
FNDA:0,(anonymous_4)
DA:40,0
DA:42,0
DA:44,0
DA:48,0
DA:50,0
DA:108,0
DA:149,0
DA:164,0
DA:208,0
LF:9
LH:0
BRDA:29,0,0,0
BRDA:44,1,0,0
BRDA:44,1,1,0
BRDA:48,2,0,0
BRDA:48,2,1,0
BRDA:208,3,0,0
BRDA:208,3,1,0
BRF:7
BRH:0
end_of_record
TN:
SF:components/local-music-network/AnnouncementBanner.tsx
FN:12,AnnouncementBanner
FN:17,(anonymous_1)
FN:21,(anonymous_2)
FN:41,(anonymous_3)
FNF:4
FNH:0
FNDA:0,AnnouncementBanner
FNDA:0,(anonymous_1)
FNDA:0,(anonymous_2)
FNDA:0,(anonymous_3)
DA:13,0
DA:14,0
DA:15,0
DA:17,0
DA:18,0
DA:21,0
DA:22,0
DA:23,0
DA:24,0
DA:25,0
DA:26,0
DA:29,0
DA:32,0
DA:34,0
DA:41,0
LF:15
LH:0
BRDA:18,0,0,0
BRDA:18,0,1,0
BRDA:18,1,0,0
BRDA:18,1,1,0
BRDA:22,2,0,0
BRDA:22,2,1,0
BRDA:23,3,0,0
BRDA:23,3,1,0
BRDA:24,4,0,0
BRDA:24,4,1,0
BRDA:24,5,0,0
BRDA:24,5,1,0
BRDA:25,6,0,0
BRDA:25,6,1,0
BRDA:25,7,0,0
BRDA:25,7,1,0
BRDA:29,8,0,0
BRDA:29,8,1,0
BRDA:32,9,0,0
BRDA:32,9,1,0
BRDA:32,10,0,0
BRDA:32,10,1,0
BRF:22
BRH:0
end_of_record
TN:
SF:components/local-music-network/BandCard.tsx
FN:14,BandCard
FN:18,(anonymous_1)
FN:56,(anonymous_2)
FNF:3
FNH:0
FNDA:0,BandCard
FNDA:0,(anonymous_1)
FNDA:0,(anonymous_2)
DA:15,0
DA:18,0
DA:57,0
LF:3
LH:0
BRDA:25,0,0,0
BRDA:25,0,1,0
BRDA:37,1,0,0
BRDA:37,1,1,0
BRDA:44,2,0,0
BRDA:44,2,1,0
BRDA:54,3,0,0
BRDA:54,3,1,0
BRDA:54,3,2,0
BRDA:61,4,0,0
BRDA:61,4,1,0
BRDA:69,5,0,0
BRDA:69,5,1,0
BRF:13
BRH:0
end_of_record
TN:
SF:components/local-music-network/BandProfileForm.tsx
FN:54,BandProfileForm
FN:83,(anonymous_1)
FN:94,(anonymous_2)
FN:101,(anonymous_3)
FN:108,(anonymous_4)
FN:121,(anonymous_5)
FN:131,(anonymous_6)
FN:145,(anonymous_7)
FN:163,(anonymous_8)
FN:183,(anonymous_9)
FN:202,(anonymous_10)
FN:217,(anonymous_11)
FN:221,(anonymous_12)
FN:226,(anonymous_13)
FN:231,(anonymous_14)
FN:236,(anonymous_15)
FN:258,(anonymous_16)
FN:286,(anonymous_17)
FN:299,(anonymous_18)
FN:312,(anonymous_19)
FN:325,(anonymous_20)
FN:338,(anonymous_21)
FN:351,(anonymous_22)
FN:364,(anonymous_23)
FN:377,(anonymous_24)
FNF:25
FNH:0
FNDA:0,BandProfileForm
FNDA:0,(anonymous_1)
FNDA:0,(anonymous_2)
FNDA:0,(anonymous_3)
FNDA:0,(anonymous_4)
FNDA:0,(anonymous_5)
FNDA:0,(anonymous_6)
FNDA:0,(anonymous_7)
FNDA:0,(anonymous_8)
FNDA:0,(anonymous_9)
FNDA:0,(anonymous_10)
FNDA:0,(anonymous_11)
FNDA:0,(anonymous_12)
FNDA:0,(anonymous_13)
FNDA:0,(anonymous_14)
FNDA:0,(anonymous_15)
FNDA:0,(anonymous_16)
FNDA:0,(anonymous_17)
FNDA:0,(anonymous_18)
FNDA:0,(anonymous_19)
FNDA:0,(anonymous_20)
FNDA:0,(anonymous_21)
FNDA:0,(anonymous_22)
FNDA:0,(anonymous_23)
FNDA:0,(anonymous_24)
DA:26,0
DA:55,0
DA:57,0
DA:59,0
DA:82,0
DA:84,0
DA:90,0
DA:92,0
DA:95,0
DA:99,0
DA:102,0
DA:103,0
DA:108,0
DA:109,0
DA:111,0
DA:113,0
DA:121,0
DA:122,0
DA:125,0
DA:132,0
DA:146,0
DA:164,0
DA:184,0
DA:203,0
DA:218,0
DA:222,0
DA:227,0
DA:232,0
DA:233,0
DA:234,0
DA:236,0
DA:259,0
DA:287,0
DA:300,0
DA:313,0
DA:326,0
DA:339,0
DA:352,0
DA:365,0
DA:378,0
LF:40
LH:0
BRDA:62,0,0,0
BRDA:62,0,1,0
BRDA:63,1,0,0
BRDA:63,1,1,0
BRDA:64,2,0,0
BRDA:64,2,1,0
BRDA:65,3,0,0
BRDA:65,3,1,0
BRDA:66,4,0,0
BRDA:66,4,1,0
BRDA:67,5,0,0
BRDA:67,5,1,0
BRDA:68,6,0,0
BRDA:68,6,1,0
BRDA:69,7,0,0
BRDA:69,7,1,0
BRDA:84,8,0,0
BRDA:84,8,1,0
BRDA:102,9,0,0
BRDA:102,9,1,0
BRDA:188,10,0,0
BRDA:188,10,1,0
BRDA:232,11,0,0
BRDA:232,11,1,0
BRDA:233,12,0,0
BRDA:233,12,1,0
BRDA:264,13,0,0
BRDA:264,13,1,0
BRDA:395,14,0,0
BRDA:395,14,1,0
BRDA:395,15,0,0
BRDA:395,15,1,0
BRF:32
BRH:0
end_of_record
TN:
SF:components/local-music-network/DiscordWidget.tsx
FN:30,DiscordWidget
FN:35,(anonymous_1)
FN:36,(anonymous_2)
FN:161,(anonymous_3)
FNF:4
FNH:0
FNDA:0,DiscordWidget
FNDA:0,(anonymous_1)
FNDA:0,(anonymous_2)
FNDA:0,(anonymous_3)
DA:27,0
DA:28,0
DA:31,0
DA:32,0
DA:33,0
DA:35,0
DA:36,0
DA:37,0
DA:38,0
DA:39,0
DA:40,0
DA:42,0
DA:43,0
DA:45,0
DA:46,0
DA:47,0
DA:49,0
DA:51,0
DA:53,0
DA:57,0
DA:60,0
DA:61,0
DA:78,0
DA:79,0
DA:91,0
DA:93,0
DA:94,0
DA:96,0
DA:162,0
LF:29
LH:0
BRDA:39,0,0,0
BRDA:39,0,1,0
BRDA:39,1,0,0
BRDA:39,1,1,0
BRDA:42,2,0,0
BRDA:42,2,1,0
BRDA:46,3,0,0
BRDA:46,3,1,0
BRDA:51,4,0,0
BRDA:51,4,1,0
BRDA:60,5,0,0
BRDA:60,5,1,0
BRDA:78,6,0,0
BRDA:78,6,1,0
BRDA:91,7,0,0
BRDA:91,7,1,0
BRDA:93,8,0,0
BRDA:93,8,1,0
BRDA:94,9,0,0
BRDA:94,9,1,0
BRDA:124,10,0,0
BRDA:124,10,1,0
BRDA:130,11,0,0
BRDA:130,11,1,0
BRDA:168,12,0,0
BRDA:168,12,1,0
BRDA:169,13,0,0
BRDA:169,13,1,0
BRDA:170,14,0,0
BRDA:170,14,1,0
BRF:30
BRH:0
end_of_record
TN:
SF:components/local-music-network/FeaturedContent.tsx
FN:19,FeaturedContent
FN:23,(anonymous_1)
FN:24,(anonymous_2)
FN:40,(anonymous_3)
FN:71,(anonymous_4)
FN:112,(anonymous_5)
FNF:6
FNH:0
FNDA:0,FeaturedContent
FNDA:0,(anonymous_1)
FNDA:0,(anonymous_2)
FNDA:0,(anonymous_3)
FNDA:0,(anonymous_4)
FNDA:0,(anonymous_5)
DA:20,0
DA:21,0
DA:23,0
DA:24,0
DA:25,0
DA:26,0
DA:27,0
DA:29,0
DA:31,0
DA:34,0
DA:37,0
DA:38,0
DA:41,0
DA:47,0
DA:49,0
DA:72,0
DA:113,0
LF:17
LH:0
BRDA:37,0,0,0
BRDA:37,0,1,0
BRDA:47,1,0,0
BRDA:47,1,1,0
BRDA:52,2,0,0
BRDA:52,2,1,0
BRDA:57,3,0,0
BRDA:57,3,1,0
BRDA:91,4,0,0
BRDA:91,4,1,0
BRDA:96,5,0,0
BRDA:96,5,1,0
BRDA:105,6,0,0
BRDA:105,6,1,0
BRDA:132,7,0,0
BRDA:132,7,1,0
BRF:16
BRH:0
end_of_record
TN:
SF:components/local-music-network/FilterPanel.tsx
FN:46,FilterContent
FN:55,(anonymous_1)
FN:75,(anonymous_2)
FN:86,(anonymous_3)
FN:93,(anonymous_4)
FN:100,(anonymous_5)
FN:114,(anonymous_6)
FN:131,(anonymous_7)
FN:146,(anonymous_8)
FN:154,(anonymous_9)
FN:177,FilterPanel
FNF:11
FNH:0
FNDA:0,FilterContent
FNDA:0,(anonymous_1)
FNDA:0,(anonymous_2)
FNDA:0,(anonymous_3)
FNDA:0,(anonymous_4)
FNDA:0,(anonymous_5)
FNDA:0,(anonymous_6)
FNDA:0,(anonymous_7)
FNDA:0,(anonymous_8)
FNDA:0,(anonymous_9)
FNDA:0,FilterPanel
DA:54,0
DA:55,0
DA:58,0
DA:76,0
DA:86,0
DA:93,0
DA:101,0
DA:115,0
DA:132,0
DA:147,0
DA:155,0
DA:178,0
DA:180,0
LF:13
LH:0
BRDA:62,0,0,0
BRDA:62,0,1,0
BRDA:77,1,0,0
BRDA:77,1,1,0
BRDA:83,2,0,0
BRDA:83,2,1,0
BRDA:85,3,0,0
BRDA:85,3,1,0
BRDA:86,4,0,0
BRDA:86,4,1,0
BRDA:90,5,0,0
BRDA:90,5,1,0
BRDA:92,6,0,0
BRDA:92,6,1,0
BRDA:107,7,0,0
BRDA:107,7,1,0
BRDA:113,8,0,0
BRDA:113,8,1,0
BRDA:118,9,0,0
BRDA:118,9,1,0
BRDA:130,10,0,0
BRDA:130,10,1,0
BRDA:134,11,0,0
BRDA:134,11,1,0
BRF:24
BRH:0
end_of_record
TN:
SF:components/local-music-network/Footer.tsx
FN:5,Footer
FNF:1
FNH:0
FNDA:0,Footer
DA:6,0
LF:1
LH:0
BRF:0
BRH:0
end_of_record
TN:
SF:components/local-music-network/GigCard.tsx
FN:9,GigCard
FNF:1
FNH:0
FNDA:0,GigCard
DA:10,0
DA:11,0
LF:2
LH:0
BRDA:16,0,0,0
BRDA:16,0,1,0
BRDA:38,1,0,0
BRDA:38,1,1,0
BRDA:48,2,0,0
BRDA:48,2,1,0
BRDA:48,3,0,0
BRDA:48,3,1,0
BRDA:54,4,0,0
BRDA:54,4,1,0
BRF:10
BRH:0
end_of_record
TN:
SF:components/local-music-network/GlobalSearch.tsx
FN:23,GlobalSearch
FN:29,(anonymous_1)
FN:30,(anonymous_2)
FN:33,(anonymous_3)
FN:37,(anonymous_4)
FN:40,(anonymous_5)
FN:45,(anonymous_6)
FN:51,(anonymous_7)
FN:53,(anonymous_8)
FN:64,(anonymous_9)
FN:77,(anonymous_10)
FN:98,(anonymous_11)
FN:102,(anonymous_12)
FN:103,(anonymous_13)
FNF:14
FNH:0
FNDA:0,GlobalSearch
FNDA:0,(anonymous_1)
FNDA:0,(anonymous_2)
FNDA:0,(anonymous_3)
FNDA:0,(anonymous_4)
FNDA:0,(anonymous_5)
FNDA:0,(anonymous_6)
FNDA:0,(anonymous_7)
FNDA:0,(anonymous_8)
FNDA:0,(anonymous_9)
FNDA:0,(anonymous_10)
FNDA:0,(anonymous_11)
FNDA:0,(anonymous_12)
FNDA:0,(anonymous_13)
DA:24,0
DA:25,0
DA:26,0
DA:29,0
DA:30,0
DA:31,0
DA:32,0
DA:33,0
DA:36,0
DA:37,0
DA:40,0
DA:41,0
DA:42,0
DA:45,0
DA:46,0
DA:47,0
DA:51,0
DA:52,0
DA:53,0
DA:56,0
DA:64,0
DA:78,0
DA:79,0
DA:99,0
DA:103,0
LF:25
LH:0
BRDA:23,0,0,0
BRDA:31,1,0,0
BRDA:31,1,1,0
BRDA:31,2,0,0
BRDA:31,2,1,0
BRDA:31,2,2,0
BRDA:46,3,0,0
BRDA:46,3,1,0
BRDA:52,4,0,0
BRDA:52,4,1,0
BRDA:78,5,0,0
BRDA:78,5,1,0
BRDA:85,6,0,0
BRDA:85,6,1,0
BRDA:93,7,0,0
BRDA:93,7,1,0
BRDA:96,8,0,0
BRDA:96,8,1,0
BRDA:114,9,0,0
BRDA:114,9,1,0
BRF:20
BRH:0
end_of_record
TN:
SF:components/local-music-network/Header.tsx
FN:34,Header
FN:56,(anonymous_1)
FN:69,(anonymous_2)
FN:81,(anonymous_3)
FN:184,(anonymous_4)
FN:202,(anonymous_5)
FN:209,(anonymous_6)
FN:214,(anonymous_7)
FNF:8
FNH:0
FNDA:0,Header
FNDA:0,(anonymous_1)
FNDA:0,(anonymous_2)
FNDA:0,(anonymous_3)
FNDA:0,(anonymous_4)
FNDA:0,(anonymous_5)
FNDA:0,(anonymous_6)
FNDA:0,(anonymous_7)
DA:35,0
DA:36,0
DA:37,0
DA:38,0
DA:40,0
DA:46,0
DA:52,0
DA:53,0
DA:54,0
DA:56,0
DA:57,0
DA:58,0
DA:61,0
DA:69,0
DA:71,0
DA:82,0
DA:184,0
DA:202,0
DA:210,0
DA:214,0
LF:20
LH:0
BRDA:34,0,0,0
BRDA:34,1,0,0
BRDA:52,2,0,0
BRDA:52,2,1,0
BRDA:53,3,0,0
BRDA:53,3,1,0
BRDA:84,4,0,0
BRDA:84,4,1,0
BRDA:95,5,0,0
BRDA:95,5,1,0
BRDA:105,6,0,0
BRDA:105,6,1,0
BRDA:107,7,0,0
BRDA:107,7,1,0
BRDA:107,8,0,0
BRDA:107,8,1,0
BRDA:112,9,0,0
BRDA:112,9,1,0
BRDA:112,10,0,0
BRDA:112,10,1,0
BRDA:114,11,0,0
BRDA:114,11,1,0
BRDA:114,11,2,0
BRDA:117,12,0,0
BRDA:117,12,1,0
BRDA:119,13,0,0
BRDA:119,13,1,0
BRDA:134,14,0,0
BRDA:134,14,1,0
BRDA:140,15,0,0
BRDA:140,15,1,0
BRDA:140,15,2,0
BRDA:159,16,0,0
BRDA:159,16,1,0
BRDA:188,17,0,0
BRDA:188,17,1,0
BRDA:193,18,0,0
BRDA:193,18,1,0
BRDA:195,19,0,0
BRDA:195,19,1,0
BRDA:212,20,0,0
BRDA:212,20,1,0
BRF:42
BRH:0
end_of_record
TN:
SF:components/local-music-network/ImageCropper.tsx
FN:17,ImageCropper
FN:23,(anonymous_1)
FN:27,(anonymous_2)
FN:31,(anonymous_3)
FN:35,(anonymous_4)
FN:60,(anonymous_5)
FN:84,(anonymous_6)
FNF:7
FNH:0
FNDA:0,ImageCropper
FNDA:0,(anonymous_1)
FNDA:0,(anonymous_2)
FNDA:0,(anonymous_3)
FNDA:0,(anonymous_4)
FNDA:0,(anonymous_5)
FNDA:0,(anonymous_6)
DA:18,0
DA:19,0
DA:20,0
DA:21,0
DA:23,0
DA:24,0
DA:27,0
DA:28,0
DA:31,0
DA:32,0
DA:35,0
DA:36,0
DA:46,0
DA:47,0
DA:48,0
DA:49,0
DA:50,0
DA:53,0
DA:55,0
DA:59,0
DA:60,0
DA:84,0
LF:22
LH:0
BRDA:17,0,0,0
BRDA:36,1,0,0
BRDA:36,1,1,0
BRDA:49,2,0,0
BRDA:49,2,1,0
BRDA:60,3,0,0
BRDA:60,3,1,0
BRDA:93,4,0,0
BRDA:93,4,1,0
BRF:9
BRH:0
end_of_record
TN:
SF:components/local-music-network/ImageUpload.tsx
FN:15,ImageUpload
FN:23,(anonymous_1)
FN:52,(anonymous_2)
FN:61,(anonymous_3)
FN:70,(anonymous_4)
FN:83,(anonymous_5)
FN:107,(anonymous_6)
FN:143,(anonymous_7)
FN:182,MultiImageUpload
FN:190,(anonymous_9)
FN:228,(anonymous_10)
FN:258,(anonymous_11)
FN:259,(anonymous_12)
FN:276,(anonymous_13)
FN:288,(anonymous_14)
FN:299,(anonymous_15)
FNF:16
FNH:0
FNDA:0,ImageUpload
FNDA:0,(anonymous_1)
FNDA:0,(anonymous_2)
FNDA:0,(anonymous_3)
FNDA:0,(anonymous_4)
FNDA:0,(anonymous_5)
FNDA:0,(anonymous_6)
FNDA:0,(anonymous_7)
FNDA:0,MultiImageUpload
FNDA:0,(anonymous_9)
FNDA:0,(anonymous_10)
FNDA:0,(anonymous_11)
FNDA:0,(anonymous_12)
FNDA:0,(anonymous_13)
FNDA:0,(anonymous_14)
FNDA:0,(anonymous_15)
DA:16,0
DA:17,0
DA:18,0
DA:19,0
DA:20,0
DA:21,0
DA:23,0
DA:24,0
DA:25,0
DA:27,0
DA:28,0
DA:33,0
DA:37,0
DA:38,0
DA:39,0
DA:43,0
DA:44,0
DA:45,0
DA:46,0
DA:49,0
DA:52,0
DA:53,0
DA:54,0
DA:55,0
DA:57,0
DA:58,0
DA:61,0
DA:63,0
DA:64,0
DA:66,0
DA:67,0
DA:70,0
DA:71,0
DA:72,0
DA:73,0
DA:74,0
DA:76,0
DA:82,0
DA:83,0
DA:84,0
DA:87,0
DA:88,0
DA:89,0
DA:94,0
DA:100,0
DA:101,0
DA:102,0
DA:107,0
DA:108,0
DA:111,0
DA:143,0
DA:183,0
DA:184,0
DA:185,0
DA:187,0
DA:188,0
DA:190,0
DA:191,0
DA:192,0
DA:194,0
DA:195,0
DA:197,0
DA:198,0
DA:199,0
DA:204,0
DA:208,0
DA:209,0
DA:211,0
DA:212,0
DA:213,0
DA:215,0
DA:216,0
DA:218,0
DA:224,0
DA:225,0
DA:226,0
DA:228,0
DA:229,0
DA:237,0
DA:238,0
DA:239,0
DA:245,0
DA:251,0
DA:252,0
DA:253,0
DA:258,0
DA:259,0
DA:260,0
DA:263,0
DA:277,0
DA:288,0
DA:299,0
LF:92
LH:0
BRDA:15,0,0,0
BRDA:15,1,0,0
BRDA:25,2,0,0
BRDA:25,2,1,0
BRDA:27,3,0,0
BRDA:27,3,1,0
BRDA:37,4,0,0
BRDA:37,4,1,0
BRDA:53,5,0,0
BRDA:53,5,1,0
BRDA:63,6,0,0
BRDA:63,6,1,0
BRDA:82,7,0,0
BRDA:82,7,1,0
BRDA:84,8,0,0
BRDA:84,8,1,0
BRDA:96,9,0,0
BRDA:96,9,1,0
BRDA:101,10,0,0
BRDA:101,10,1,0
BRDA:122,11,0,0
BRDA:122,11,1,0
BRDA:148,12,0,0
BRDA:148,12,1,0
BRDA:162,13,0,0
BRDA:162,13,1,0
BRDA:182,14,0,0
BRDA:182,15,0,0
BRDA:182,16,0,0
BRDA:187,17,0,0
BRDA:187,17,1,0
BRDA:191,18,0,0
BRDA:191,18,1,0
BRDA:192,19,0,0
BRDA:192,19,1,0
BRDA:198,20,0,0
BRDA:198,20,1,0
BRDA:213,21,0,0
BRDA:213,21,1,0
BRDA:224,22,0,0
BRDA:224,22,1,0
BRDA:231,23,0,0
BRDA:231,23,1,0
BRDA:237,24,0,0
BRDA:237,24,1,0
BRDA:247,25,0,0
BRDA:247,25,1,0
BRDA:252,26,0,0
BRDA:252,26,1,0
BRDA:296,27,0,0
BRDA:296,27,1,0
BRDA:304,28,0,0
BRDA:304,28,1,0
BRF:53
BRH:0
end_of_record
TN:
SF:components/local-music-network/ListingCard.tsx
FN:12,ListingCard
FN:13,(anonymous_1)
FNF:2
FNH:0
FNDA:0,ListingCard
FNDA:0,(anonymous_1)
DA:13,0
DA:14,0
DA:15,0
DA:20,0
DA:21,0
DA:22,0
DA:25,0
LF:7
LH:0
BRDA:14,0,0,0
BRDA:14,0,1,0
BRDA:20,1,0,0
BRDA:20,1,1,0
BRDA:21,2,0,0
BRDA:21,2,1,0
BRDA:29,3,0,0
BRDA:29,3,1,0
BRDA:29,4,0,0
BRDA:29,4,1,0
BRDA:56,5,0,0
BRDA:56,5,1,0
BRDA:61,6,0,0
BRDA:61,6,1,0
BRF:14
BRH:0
end_of_record
TN:
SF:components/local-music-network/ListingForm.tsx
FN:53,ListingForm
FN:74,(anonymous_1)
FN:84,(anonymous_2)
FN:93,(anonymous_3)
FN:100,(anonymous_4)
FN:113,(anonymous_5)
FN:123,(anonymous_6)
FN:137,(anonymous_7)
FN:156,(anonymous_8)
FN:176,(anonymous_9)
FN:186,(anonymous_10)
FN:201,(anonymous_11)
FN:211,(anonymous_12)
FN:228,(anonymous_13)
FN:249,(anonymous_14)
FN:273,(anonymous_15)
FN:293,(anonymous_16)
FN:312,(anonymous_17)
FNF:18
FNH:0
FNDA:0,ListingForm
FNDA:0,(anonymous_1)
FNDA:0,(anonymous_2)
FNDA:0,(anonymous_3)
FNDA:0,(anonymous_4)
FNDA:0,(anonymous_5)
FNDA:0,(anonymous_6)
FNDA:0,(anonymous_7)
FNDA:0,(anonymous_8)
FNDA:0,(anonymous_9)
FNDA:0,(anonymous_10)
FNDA:0,(anonymous_11)
FNDA:0,(anonymous_12)
FNDA:0,(anonymous_13)
FNDA:0,(anonymous_14)
FNDA:0,(anonymous_15)
FNDA:0,(anonymous_16)
FNDA:0,(anonymous_17)
DA:32,0
DA:54,0
DA:55,0
DA:57,0
DA:73,0
DA:75,0
DA:79,0
DA:80,0
DA:82,0
DA:85,0
DA:91,0
DA:94,0
DA:95,0
DA:100,0
DA:101,0
DA:103,0
DA:105,0
DA:113,0
DA:114,0
DA:117,0
DA:124,0
DA:138,0
DA:157,0
DA:177,0
DA:187,0
DA:202,0
DA:212,0
DA:229,0
DA:250,0
DA:274,0
DA:294,0
DA:313,0
LF:32
LH:0
BRDA:60,0,0,0
BRDA:60,0,1,0
BRDA:61,1,0,0
BRDA:61,1,1,0
BRDA:62,2,0,0
BRDA:62,2,1,0
BRDA:63,3,0,0
BRDA:63,3,1,0
BRDA:64,4,0,0
BRDA:64,4,1,0
BRDA:65,5,0,0
BRDA:65,5,1,0
BRDA:66,6,0,0
BRDA:66,6,1,0
BRDA:67,7,0,0
BRDA:67,7,1,0
BRDA:68,8,0,0
BRDA:68,8,1,0
BRDA:69,9,0,0
BRDA:69,9,1,0
BRDA:77,10,0,0
BRDA:77,10,1,0
BRDA:79,11,0,0
BRDA:79,11,1,0
BRDA:86,12,0,0
BRDA:86,12,1,0
BRDA:87,13,0,0
BRDA:87,13,1,0
BRDA:94,14,0,0
BRDA:94,14,1,0
BRDA:142,15,0,0
BRDA:142,15,1,0
BRDA:236,16,0,0
BRDA:236,16,1,0
BRDA:252,17,0,0
BRDA:252,17,1,0
BRDA:278,18,0,0
BRDA:278,18,1,0
BRDA:334,19,0,0
BRDA:334,19,1,0
BRDA:334,20,0,0
BRDA:334,20,1,0
BRF:42
BRH:0
end_of_record
TN:
SF:components/local-music-network/LocationAutocomplete.tsx
FN:20,LocationAutocomplete
FN:34,(anonymous_1)
FN:38,(anonymous_2)
FN:39,(anonymous_3)
FN:46,(anonymous_4)
FN:49,(anonymous_5)
FN:63,(anonymous_6)
FN:71,(anonymous_7)
FN:96,(anonymous_8)
FN:109,(anonymous_9)
FN:154,(anonymous_10)
FN:158,(anonymous_11)
FNF:12
FNH:0
FNDA:0,LocationAutocomplete
FNDA:0,(anonymous_1)
FNDA:0,(anonymous_2)
FNDA:0,(anonymous_3)
FNDA:0,(anonymous_4)
FNDA:0,(anonymous_5)
FNDA:0,(anonymous_6)
FNDA:0,(anonymous_7)
FNDA:0,(anonymous_8)
FNDA:0,(anonymous_9)
FNDA:0,(anonymous_10)
FNDA:0,(anonymous_11)
DA:28,0
DA:29,0
DA:30,0
DA:31,0
DA:32,0
DA:34,0
DA:35,0
DA:38,0
DA:39,0
DA:40,0
DA:41,0
DA:45,0
DA:46,0
DA:49,0
DA:50,0
DA:51,0
DA:53,0
DA:54,0
DA:55,0
DA:56,0
DA:58,0
DA:59,0
DA:63,0
DA:64,0
DA:65,0
DA:66,0
DA:67,0
DA:71,0
DA:85,0
DA:86,0
DA:87,0
DA:88,0
DA:89,0
DA:90,0
DA:92,0
DA:93,0
DA:96,0
DA:97,0
DA:98,0
DA:99,0
DA:101,0
DA:102,0
DA:103,0
DA:104,0
DA:109,0
DA:110,0
DA:111,0
DA:112,0
DA:113,0
DA:114,0
DA:117,0
DA:155,0
DA:158,0
LF:53
LH:0
BRDA:24,0,0,0
BRDA:40,1,0,0
BRDA:40,1,1,0
BRDA:40,2,0,0
BRDA:40,2,1,0
BRDA:53,3,0,0
BRDA:53,3,1,0
BRDA:64,4,0,0
BRDA:64,4,1,0
BRDA:89,5,0,0
BRDA:89,5,1,0
BRDA:97,6,0,0
BRDA:97,6,1,0
BRDA:101,7,0,0
BRDA:101,7,1,0
BRDA:102,8,0,0
BRDA:102,8,1,0
BRDA:118,9,0,0
BRDA:118,9,1,0
BRDA:132,10,0,0
BRDA:132,10,1,0
BRDA:137,11,0,0
BRDA:137,11,1,0
BRDA:145,12,0,0
BRDA:145,12,1,0
BRDA:145,12,2,0
BRDA:148,13,0,0
BRDA:148,13,1,0
BRDA:160,14,0,0
BRDA:160,14,1,0
BRDA:175,15,0,0
BRDA:175,15,1,0
BRDA:175,15,2,0
BRDA:175,15,3,0
BRF:34
BRH:0
end_of_record
TN:
SF:components/local-music-network/MusicianCard.tsx
FN:14,MusicianCard
FN:18,(anonymous_1)
FN:30,(anonymous_2)
FN:63,(anonymous_3)
FN:79,(anonymous_4)
FNF:5
FNH:0
FNDA:0,MusicianCard
FNDA:0,(anonymous_1)
FNDA:0,(anonymous_2)
FNDA:0,(anonymous_3)
FNDA:0,(anonymous_4)
DA:15,0
DA:18,0
DA:30,0
DA:64,0
DA:80,0
LF:5
LH:0
BRDA:23,0,0,0
BRDA:23,0,1,0
BRDA:23,1,0,0
BRDA:23,1,1,0
BRDA:25,2,0,0
BRDA:25,2,1,0
BRDA:34,3,0,0
BRDA:34,3,1,0
BRDA:47,4,0,0
BRDA:47,4,1,0
BRDA:54,5,0,0
BRDA:54,5,1,0
BRDA:61,6,0,0
BRDA:61,6,1,0
BRDA:61,6,2,0
BRDA:69,7,0,0
BRDA:69,7,1,0
BRDA:77,8,0,0
BRDA:77,8,1,0
BRDA:77,8,2,0
BRDA:84,9,0,0
BRDA:84,9,1,0
BRF:22
BRH:0
end_of_record
TN:
SF:components/local-music-network/MusicianProfileForm.tsx
FN:71,MusicianProfileForm
FN:105,(anonymous_1)
FN:111,(anonymous_2)
FN:120,(anonymous_3)
FN:127,(anonymous_4)
FN:140,resolveCoordinates
FN:184,(anonymous_6)
FN:219,(anonymous_7)
FN:229,(anonymous_8)
FN:243,(anonymous_9)
FN:261,(anonymous_10)
FN:281,(anonymous_11)
FN:291,(anonymous_12)
FN:306,(anonymous_13)
FN:313,(anonymous_14)
FN:336,(anonymous_15)
FN:361,(anonymous_16)
FN:365,(anonymous_17)
FN:370,(anonymous_18)
FN:375,(anonymous_19)
FN:380,(anonymous_20)
FN:402,(anonymous_21)
FN:406,(anonymous_22)
FN:411,(anonymous_23)
FN:416,(anonymous_24)
FN:421,(anonymous_25)
FN:443,(anonymous_26)
FN:467,(anonymous_27)
FN:480,(anonymous_28)
FN:501,(anonymous_29)
FN:514,(anonymous_30)
FN:527,(anonymous_31)
FN:540,(anonymous_32)
FN:556,(anonymous_33)
FN:578,(anonymous_34)
FN:603,(anonymous_35)
FN:622,(anonymous_36)
FNF:37
FNH:0
FNDA:0,MusicianProfileForm
FNDA:0,(anonymous_1)
FNDA:0,(anonymous_2)
FNDA:0,(anonymous_3)
FNDA:0,(anonymous_4)
FNDA:0,resolveCoordinates
FNDA:0,(anonymous_6)
FNDA:0,(anonymous_7)
FNDA:0,(anonymous_8)
FNDA:0,(anonymous_9)
FNDA:0,(anonymous_10)
FNDA:0,(anonymous_11)
FNDA:0,(anonymous_12)
FNDA:0,(anonymous_13)
FNDA:0,(anonymous_14)
FNDA:0,(anonymous_15)
FNDA:0,(anonymous_16)
FNDA:0,(anonymous_17)
FNDA:0,(anonymous_18)
FNDA:0,(anonymous_19)
FNDA:0,(anonymous_20)
FNDA:0,(anonymous_21)
FNDA:0,(anonymous_22)
FNDA:0,(anonymous_23)
FNDA:0,(anonymous_24)
FNDA:0,(anonymous_25)
FNDA:0,(anonymous_26)
FNDA:0,(anonymous_27)
FNDA:0,(anonymous_28)
FNDA:0,(anonymous_29)
FNDA:0,(anonymous_30)
FNDA:0,(anonymous_31)
FNDA:0,(anonymous_32)
FNDA:0,(anonymous_33)
FNDA:0,(anonymous_34)
FNDA:0,(anonymous_35)
FNDA:0,(anonymous_36)
DA:36,0
DA:72,0
DA:73,0
DA:75,0
DA:104,0
DA:106,0
DA:107,0
DA:109,0
DA:112,0
DA:118,0
DA:121,0
DA:122,0
DA:127,0
DA:128,0
DA:130,0
DA:132,0
DA:141,0
DA:142,0
DA:145,0
DA:146,0
DA:147,0
DA:148,0
DA:150,0
DA:151,0
DA:154,0
DA:155,0
DA:156,0
DA:164,0
DA:165,0
DA:166,0
DA:167,0
DA:168,0
DA:169,0
DA:170,0
DA:171,0
DA:178,0
DA:179,0
DA:181,0
DA:184,0
DA:185,0
DA:187,0
DA:188,0
DA:189,0
DA:190,0
DA:191,0
DA:192,0
DA:193,0
DA:195,0
DA:197,0
DA:204,0
DA:210,0
DA:212,0
DA:213,0
DA:216,0
DA:219,0
DA:220,0
DA:223,0
DA:230,0
DA:244,0
DA:262,0
DA:282,0
DA:292,0
DA:307,0
DA:314,0
DA:315,0
DA:316,0
DA:317,0
DA:320,0
DA:321,0
DA:337,0
DA:362,0
DA:366,0
DA:371,0
DA:376,0
DA:377,0
DA:378,0
DA:380,0
DA:403,0
DA:407,0
DA:412,0
DA:417,0
DA:418,0
DA:419,0
DA:421,0
DA:444,0
DA:468,0
DA:481,0
DA:502,0
DA:515,0
DA:528,0
DA:541,0
DA:557,0
DA:579,0
DA:604,0
DA:623,0
LF:95
LH:0
BRDA:78,0,0,0
BRDA:78,0,1,0
BRDA:79,1,0,0
BRDA:79,1,1,0
BRDA:80,2,0,0
BRDA:80,2,1,0
BRDA:81,3,0,0
BRDA:81,3,1,0
BRDA:82,4,0,0
BRDA:82,4,1,0
BRDA:83,5,0,0
BRDA:83,5,1,0
BRDA:84,6,0,0
BRDA:84,6,1,0
BRDA:85,7,0,0
BRDA:85,7,1,0
BRDA:86,8,0,0
BRDA:86,8,1,0
BRDA:87,9,0,0
BRDA:87,9,1,0
BRDA:88,10,0,0
BRDA:88,10,1,0
BRDA:89,11,0,0
BRDA:89,11,1,0
BRDA:90,12,0,0
BRDA:90,12,1,0
BRDA:91,13,0,0
BRDA:91,13,1,0
BRDA:92,14,0,0
BRDA:92,14,1,0
BRDA:93,15,0,0
BRDA:93,15,1,0
BRDA:100,16,0,0
BRDA:100,16,1,0
BRDA:106,17,0,0
BRDA:106,17,1,0
BRDA:113,18,0,0
BRDA:113,18,1,0
BRDA:114,19,0,0
BRDA:114,19,1,0
BRDA:121,20,0,0
BRDA:121,20,1,0
BRDA:146,21,0,0
BRDA:146,21,1,0
BRDA:148,22,0,0
BRDA:148,22,1,0
BRDA:150,23,0,0
BRDA:150,23,1,0
BRDA:154,24,0,0
BRDA:154,24,1,0
BRDA:154,25,0,0
BRDA:154,25,1,0
BRDA:154,25,2,0
BRDA:167,26,0,0
BRDA:167,26,1,0
BRDA:169,27,0,0
BRDA:169,27,1,0
BRDA:169,28,0,0
BRDA:169,28,1,0
BRDA:187,29,0,0
BRDA:187,29,1,0
BRDA:187,30,0,0
BRDA:187,30,1,0
BRDA:190,31,0,0
BRDA:190,31,1,0
BRDA:193,32,0,0
BRDA:193,32,1,0
BRDA:210,33,0,0
BRDA:210,33,1,0
BRDA:311,34,0,0
BRDA:311,34,1,0
BRDA:314,35,0,0
BRDA:314,35,1,0
BRDA:314,36,0,0
BRDA:314,36,1,0
BRDA:376,37,0,0
BRDA:376,37,1,0
BRDA:377,38,0,0
BRDA:377,38,1,0
BRDA:417,39,0,0
BRDA:417,39,1,0
BRDA:418,40,0,0
BRDA:418,40,1,0
BRDA:471,41,0,0
BRDA:471,41,1,0
BRDA:562,42,0,0
BRDA:562,42,1,0
BRDA:644,43,0,0
BRDA:644,43,1,0
BRDA:644,43,2,0
BRDA:650,44,0,0
BRDA:650,44,1,0
BRDA:650,45,0,0
BRDA:650,45,1,0
BRF:94
BRH:0
end_of_record
TN:
SF:components/local-music-network/ProfessionalCard.tsx
FN:14,ProfessionalCard
FN:18,(anonymous_1)
FNF:2
FNH:0
FNDA:0,ProfessionalCard
FNDA:0,(anonymous_1)
DA:15,0
DA:18,0
LF:2
LH:0
BRDA:25,0,0,0
BRDA:25,0,1,0
BRDA:26,1,0,0
BRDA:26,1,1,0
BRDA:30,2,0,0
BRDA:30,2,1,0
BRDA:45,3,0,0
BRDA:45,3,1,0
BRDA:53,4,0,0
BRDA:53,4,1,0
BRDA:59,5,0,0
BRDA:59,5,1,0
BRF:12
BRH:0
end_of_record
TN:
SF:components/local-music-network/ProfessionalProfileForm.tsx
FN:55,ProfessionalProfileForm
FN:87,(anonymous_1)
FN:118,onSubmit
FN:165,(anonymous_3)
FN:175,(anonymous_4)
FN:188,(anonymous_5)
FN:204,(anonymous_6)
FN:211,(anonymous_7)
FN:231,(anonymous_8)
FN:255,(anonymous_9)
FN:274,(anonymous_10)
FN:293,(anonymous_11)
FN:299,(anonymous_12)
FN:313,(anonymous_13)
FN:326,(anonymous_14)
FN:341,(anonymous_15)
FN:356,(anonymous_16)
FN:382,(anonymous_17)
FN:395,(anonymous_18)
FN:408,(anonymous_19)
FN:421,(anonymous_20)
FN:434,(anonymous_21)
FN:447,(anonymous_22)
FNF:23
FNH:0
FNDA:0,ProfessionalProfileForm
FNDA:0,(anonymous_1)
FNDA:0,onSubmit
FNDA:0,(anonymous_3)
FNDA:0,(anonymous_4)
FNDA:0,(anonymous_5)
FNDA:0,(anonymous_6)
FNDA:0,(anonymous_7)
FNDA:0,(anonymous_8)
FNDA:0,(anonymous_9)
FNDA:0,(anonymous_10)
FNDA:0,(anonymous_11)
FNDA:0,(anonymous_12)
FNDA:0,(anonymous_13)
FNDA:0,(anonymous_14)
FNDA:0,(anonymous_15)
FNDA:0,(anonymous_16)
FNDA:0,(anonymous_17)
FNDA:0,(anonymous_18)
FNDA:0,(anonymous_19)
FNDA:0,(anonymous_20)
FNDA:0,(anonymous_21)
FNDA:0,(anonymous_22)
DA:24,0
DA:56,0
DA:57,0
DA:58,0
DA:59,0
DA:61,0
DA:87,0
DA:88,0
DA:89,0
DA:110,0
DA:112,0
DA:116,0
DA:119,0
DA:120,0
DA:121,0
DA:123,0
DA:129,0
DA:131,0
DA:133,0
DA:139,0
DA:140,0
DA:141,0
DA:143,0
DA:144,0
DA:146,0
DA:149,0
DA:150,0
DA:158,0
DA:166,0
DA:176,0
DA:189,0
DA:205,0
DA:212,0
DA:213,0
DA:214,0
DA:216,0
DA:217,0
DA:232,0
DA:256,0
DA:275,0
DA:294,0
DA:299,0
DA:314,0
DA:327,0
DA:342,0
DA:357,0
DA:383,0
DA:396,0
DA:409,0
DA:422,0
DA:435,0
DA:448,0
LF:52
LH:0
BRDA:88,0,0,0
BRDA:88,0,1,0
BRDA:91,1,0,0
BRDA:91,1,1,0
BRDA:94,2,0,0
BRDA:94,2,1,0
BRDA:95,3,0,0
BRDA:95,3,1,0
BRDA:96,4,0,0
[...]
DA:2,0
LF:1
LH:0
BRF:0
BRH:0
end_of_record
TN:
SF:lib/db.ts
FNF:0
FNH:0
DA:5,0
DA:6,0
DA:9,0
DA:10,0
LF:4
LH:0
BRDA:5,0,0,0
BRDA:5,0,1,0
BRF:2
BRH:0
end_of_record
TN:
SF:lib/imageUtils.ts
FN:2,(anonymous_0)
FN:3,(anonymous_1)
FN:5,(anonymous_2)
FN:6,(anonymous_3)
FN:11,getRadianAngle
FN:18,rotateSize
FN:32,getCroppedImg
FN:88,(anonymous_7)
FN:89,(anonymous_8)
FNF:9
FNH:0
FNDA:0,(anonymous_0)
FNDA:0,(anonymous_1)
FNDA:0,(anonymous_2)
FNDA:0,(anonymous_3)
FNDA:0,getRadianAngle
FNDA:0,rotateSize
FNDA:0,getCroppedImg
FNDA:0,(anonymous_7)
FNDA:0,(anonymous_8)
DA:2,0
DA:3,0
DA:4,0
DA:5,0
DA:6,0
DA:7,0
DA:8,0
DA:12,0
DA:19,0
DA:21,0
DA:38,0
DA:39,0
DA:40,0
DA:42,0
DA:43,0
DA:46,0
DA:49,0
DA:56,0
DA:57,0
DA:60,0
DA:61,0
DA:62,0
DA:63,0
DA:66,0
DA:70,0
DA:78,0
DA:79,0
DA:82,0
DA:88,0
DA:89,0
DA:90,0
LF:31
LH:0
BRDA:35,0,0,0
BRDA:36,1,0,0
BRDA:42,2,0,0
BRDA:42,2,1,0
BRDA:62,3,0,0
BRDA:62,3,1,0
BRDA:62,4,0,0
BRDA:62,4,1,0
BRF:8
BRH:0
end_of_record
TN:
SF:lib/queryClient.ts
FN:3,throwIfResNotOk
FN:10,apiRequest
FN:30,(anonymous_2)
FN:31,(anonymous_3)
FNF:4
FNH:0
FNDA:0,throwIfResNotOk
FNDA:0,apiRequest
FNDA:0,(anonymous_2)
FNDA:0,(anonymous_3)
DA:4,0
DA:5,0
DA:6,0
DA:15,0
DA:22,0
DA:23,0
DA:30,0
DA:31,0
DA:32,0
DA:36,0
DA:37,0
DA:40,0
DA:41,0
DA:44,0
LF:14
LH:0
BRDA:4,0,0,0
BRDA:4,0,1,0
BRDA:5,1,0,0
BRDA:5,1,1,0
BRDA:17,2,0,0
BRDA:17,2,1,0
BRDA:18,3,0,0
BRDA:18,3,1,0
BRDA:36,4,0,0
BRDA:36,4,1,0
BRDA:36,5,0,0
BRDA:36,5,1,0
BRF:12
BRH:0
end_of_record
TN:
SF:lib/rbac.ts
FN:10,hasRole
FN:17,(anonymous_1)
FN:26,isSystemAdmin
FN:33,getUserRoles
FN:40,(anonymous_4)
FNF:5
FNH:0
FNDA:0,hasRole
FNDA:0,(anonymous_1)
FNDA:0,isSystemAdmin
FNDA:0,getUserRoles
FNDA:0,(anonymous_4)
DA:11,0
DA:17,0
DA:27,0
DA:34,0
DA:40,0
LF:5
LH:0
BRF:0
BRH:0
end_of_record
TN:
SF:lib/resend.ts
FN:12,(anonymous_0)
FNF:1
FNH:0
FNDA:0,(anonymous_0)
DA:5,0
DA:12,0
DA:13,0
LF:3
LH:0
BRDA:5,0,0,0
BRDA:5,0,1,0
BRF:2
BRH:0
end_of_record
TN:
SF:lib/supabase-server.ts
FN:4,createClient
FN:12,(anonymous_1)
FN:15,(anonymous_2)
FN:25,(anonymous_3)
FNF:4
FNH:0
FNDA:0,createClient
FNDA:0,(anonymous_1)
FNDA:0,(anonymous_2)
FNDA:0,(anonymous_3)
DA:5,0
DA:7,0
DA:13,0
DA:16,0
DA:17,0
DA:22,0
DA:26,0
DA:27,0
LF:8
LH:0
BRF:0
BRH:0
end_of_record
TN:
SF:lib/supabase.ts
FN:3,(anonymous_0)
FNF:1
FNH:0
FNDA:0,(anonymous_0)
DA:3,0
DA:4,0
DA:6,0
DA:7,0
DA:8,0
DA:9,0
DA:13,0
LF:7
LH:0
BRDA:6,0,0,0
BRDA:6,0,1,0
BRDA:8,1,0,0
BRDA:8,1,1,0
BRF:4
BRH:0
end_of_record
TN:
SF:lib/utils.ts
FN:4,cn
FNF:1
FNH:1
FNDA:4,cn
DA:5,4
LF:1
LH:1
BRF:0
BRH:0
end_of_record
TN:
SF:lib/validation.ts
FN:21,validateImageMagicBytes
FNF:1
FNH:0
FNDA:0,validateImageMagicBytes
DA:6,0
DA:14,0
DA:22,0
DA:23,0
DA:25,0
DA:26,0
DA:27,0
DA:28,0
DA:29,0
DA:30,0
DA:33,0
DA:34,0
DA:35,0
DA:41,0
DA:44,0
LF:15
LH:0
BRDA:23,0,0,0
BRDA:23,0,1,0
BRDA:28,1,0,0
BRDA:28,1,1,0
BRDA:33,2,0,0
BRDA:33,2,1,0
BRDA:34,3,0,0
BRDA:34,3,1,0
BRDA:35,4,0,0
BRDA:35,4,1,0
BRDA:35,4,2,0
BRDA:35,4,3,0
BRDA:35,4,4,0
BRF:13
BRH:0
end_of_record
TN:
SF:lib/victoriaLocations.ts
FN:24807,searchLocations
FN:24812,(anonymous_1)
FN:24819,(anonymous_2)
FN:24830,formatLocation
FN:24834,getSuburbsForRegion
FN:24835,(anonymous_5)
FN:24838,getUniqueRegions
FN:24839,(anonymous_7)
FN:24842,extractRegionFromLocation
FN:24849,(anonymous_9)
FN:24854,(anonymous_10)
FN:24860,parseLocationForStorage
FN:24862,(anonymous_12)
FNF:13
FNH:0
FNDA:0,searchLocations
FNDA:0,(anonymous_1)
FNDA:0,(anonymous_2)
FNDA:0,formatLocation
FNDA:0,getSuburbsForRegion
FNDA:0,(anonymous_5)
FNDA:0,getUniqueRegions
FNDA:0,(anonymous_7)
FNDA:0,extractRegionFromLocation
FNDA:0,(anonymous_9)
FNDA:0,(anonymous_10)
FNDA:0,parseLocationForStorage
FNDA:0,(anonymous_12)
DA:9,0
DA:24785,0
DA:24808,0
DA:24810,0
DA:24812,0
DA:24813,0
DA:24814,0
DA:24815,0
DA:24816,0
DA:24819,0
DA:24820,0
DA:24821,0
DA:24822,0
DA:24823,0
DA:24824,0
DA:24827,0
DA:24831,0
DA:24835,0
DA:24839,0
DA:24843,0
DA:24844,0
DA:24845,0
DA:24846,0
DA:24848,0
DA:24849,0
DA:24851,0
DA:24852,0
DA:24853,0
DA:24854,0
DA:24856,0
DA:24857,0
DA:24861,0
DA:24862,0
DA:24863,0
DA:24864,0
DA:24866,0
LF:36
LH:0
BRDA:24807,0,0,0
BRDA:24808,1,0,0
BRDA:24808,1,1,0
BRDA:24816,2,0,0
BRDA:24816,2,1,0
BRDA:24816,2,2,0
BRDA:24822,3,0,0
BRDA:24822,3,1,0
BRDA:24822,4,0,0
BRDA:24822,4,1,0
BRDA:24823,5,0,0
BRDA:24823,5,1,0
BRDA:24823,6,0,0
BRDA:24823,6,1,0
BRDA:24843,7,0,0
BRDA:24843,7,1,0
BRDA:24845,8,0,0
BRDA:24845,8,1,0
BRDA:24851,9,0,0
BRDA:24851,9,1,0
BRDA:24856,10,0,0
BRDA:24856,10,1,0
BRDA:24857,11,0,0
BRDA:24857,11,1,0
BRDA:24861,12,0,0
BRDA:24861,12,1,0
BRDA:24863,13,0,0
BRDA:24863,13,1,0
BRF:28
BRH:0
end_of_record
TN:
SF:scripts/add_account_type_column.ts
FN:6,main
FNF:1
FNH:0
FNDA:0,main
DA:7,0
DA:8,0
DA:9,0
DA:10,0
DA:12,0
DA:14,0
DA:17,0
LF:7
LH:0
BRF:0
BRH:0
end_of_record
TN:
SF:scripts/add_org_name_column.ts
FN:6,main
FNF:1
FNH:0
FNDA:0,main
DA:7,0
DA:8,0
DA:9,0
DA:10,0
DA:12,0
DA:14,0
DA:17,0
LF:7
LH:0
BRF:0
BRH:0
end_of_record
TN:
SF:scripts/delete-test-data.ts
FN:7,cleanup
FN:40,(anonymous_1)
FNF:2
FNH:0
FNDA:0,cleanup
FNDA:0,(anonymous_1)
DA:5,0
DA:8,0
DA:10,0
DA:14,0
DA:15,0
DA:17,0
DA:18,0
DA:21,0
DA:22,0
DA:25,0
DA:26,0
DA:27,0
DA:28,0
DA:31,0
DA:33,0
DA:35,0
DA:37,0
DA:40,0
DA:41,0
DA:42,0
LF:20
LH:0
BRDA:14,0,0,0
BRDA:14,0,1,0
BRF:2
BRH:0
end_of_record
TN:
SF:scripts/enable-rls.ts
FN:5,main
FNF:1
FNH:0
FNDA:0,main
DA:6,0
DA:7,0
DA:9,0
DA:95,0
DA:96,0
DA:97,0
DA:100,0
DA:101,0
DA:103,0
DA:104,0
DA:108,0
LF:11
LH:0
BRF:0
BRH:0
end_of_record
TN:
SF:scripts/enable_payload_rls.ts
FN:19,main
FNF:1
FNH:0
FNDA:0,main
DA:6,0
DA:20,0
DA:22,0
DA:23,0
DA:24,0
DA:29,0
DA:39,0
DA:41,0
DA:45,0
DA:46,0
DA:49,0
LF:11
LH:0
BRF:0
BRH:0
end_of_record
TN:
SF:scripts/make-admin.ts
FN:13,main
FN:51,(anonymous_1)
FNF:2
FNH:0
FNDA:0,main
FNDA:0,(anonymous_1)
DA:6,0
DA:8,0
DA:9,0
DA:10,0
DA:14,0
DA:18,0
DA:19,0
DA:20,0
DA:24,0
DA:28,0
DA:29,0
DA:31,0
DA:32,0
DA:33,0
DA:37,0
DA:43,0
DA:44,0
DA:47,0
DA:48,0
DA:51,0
DA:52,0
DA:53,0
LF:22
LH:0
BRDA:8,0,0,0
BRDA:8,0,1,0
BRDA:18,1,0,0
BRDA:18,1,1,0
BRDA:31,2,0,0
BRDA:31,2,1,0
BRDA:43,3,0,0
BRDA:43,3,1,0
BRF:8
BRH:0
end_of_record
TN:
SF:scripts/seed-test-data.ts
FN:9,getRandomItem
FN:16,getRandomLocation
FN:48,seed
FN:180,(anonymous_3)
FNF:4
FNH:0
FNDA:0,getRandomItem
FNDA:0,getRandomLocation
FNDA:0,seed
FNDA:0,(anonymous_3)
DA:6,0
DA:10,0
DA:17,0
DA:18,0
DA:19,0
DA:20,0
DA:22,0
DA:23,0
DA:25,0
DA:31,0
DA:32,0
DA:34,0
DA:42,0
DA:49,0
DA:52,0
DA:53,0
DA:57,0
DA:58,0
DA:64,0
DA:66,0
DA:67,0
DA:69,0
DA:70,0
DA:71,0
DA:72,0
DA:75,0
DA:77,0
DA:82,0
DA:83,0
DA:85,0
DA:87,0
DA:94,0
DA:97,0
DA:99,0
DA:100,0
DA:103,0
DA:104,0
DA:107,0
DA:129,0
DA:130,0
DA:132,0
DA:134,0
DA:140,0
DA:142,0
DA:151,0
DA:155,0
DA:157,0
DA:158,0
DA:159,0
DA:161,0
DA:162,0
DA:164,0
DA:176,0
DA:177,0
DA:180,0
DA:181,0
DA:182,0
LF:57
LH:0
BRDA:57,0,0,0
BRDA:57,0,1,0
BRDA:99,1,0,0
BRDA:99,1,1,0
BRDA:171,2,0,0
BRDA:171,2,1,0
BRF:6
BRH:0
end_of_record
TN:
SF:scripts/simulate-request.ts
FN:7,main
FNF:1
FNH:0
FNDA:0,main
DA:8,0
DA:9,0
DA:11,0
DA:14,0
DA:21,0
DA:24,0
DA:36,0
DA:39,0
DA:40,0
DA:46,0
DA:49,0
DA:50,0
DA:64,0
DA:65,0
DA:66,0
DA:69,0
DA:70,0
DA:74,0
LF:18
LH:0
BRF:0
BRH:0
end_of_record
TN:
SF:scripts/test-db.ts
FN:6,main
FNF:1
FNH:0
FNDA:0,main
DA:7,0
DA:8,0
DA:9,0
DA:10,0
DA:11,0
DA:13,0
DA:14,0
DA:15,0
DA:17,0
DA:18,0
DA:19,0
DA:21,0
DA:22,0
DA:23,0
DA:25,0
DA:26,0
DA:27,0
DA:29,0
DA:30,0
DA:31,0
DA:33,0
DA:35,0
DA:37,0
DA:41,0
LF:24
LH:0
BRF:0
BRH:0
end_of_record
TN:
SF:server/db.ts
FNF:0
FNH:0
DA:5,0
DA:6,0
DA:12,0
DA:13,0
LF:4
LH:0
BRDA:5,0,0,0
BRDA:5,0,1,0
BRF:2
BRH:0
end_of_record
TN:
SF:server/storage.ts
FN:205,(anonymous_0)
FN:210,(anonymous_1)
FN:216,(anonymous_2)
FN:233,(anonymous_3)
FN:244,(anonymous_4)
FN:292,(anonymous_5)
FN:300,(anonymous_6)
FN:308,(anonymous_7)
FN:316,(anonymous_8)
FN:325,(anonymous_9)
FN:334,(anonymous_10)
FN:353,(anonymous_11)
FN:361,(anonymous_12)
FN:369,(anonymous_13)
FN:378,(anonymous_14)
FN:389,(anonymous_15)
FN:416,(anonymous_16)
FN:424,(anonymous_17)
FN:432,(anonymous_18)
FN:440,(anonymous_19)
FN:449,(anonymous_20)
FN:458,(anonymous_21)
FN:467,(anonymous_22)
FN:479,(anonymous_23)
FN:489,(anonymous_24)
FN:504,(anonymous_25)
FN:512,(anonymous_26)
FN:520,(anonymous_27)
FN:528,(anonymous_28)
FN:537,(anonymous_29)
FN:546,(anonymous_30)
FN:585,(anonymous_31)
FN:593,(anonymous_32)
FN:606,(anonymous_33)
FN:611,(anonymous_34)
FN:624,(anonymous_35)
FN:633,(anonymous_36)
FN:641,(anonymous_37)
FN:656,(anonymous_38)
FN:664,(anonymous_39)
FN:670,(anonymous_40)
FN:675,(anonymous_41)
FN:680,(anonymous_42)
FN:685,(anonymous_43)
FN:708,(anonymous_44)
FN:712,(anonymous_45)
FN:722,(anonymous_46)
FN:727,(anonymous_47)
FN:735,(anonymous_48)
FN:751,(anonymous_49)
FN:771,(anonymous_50)
FN:776,(anonymous_51)
FN:785,(anonymous_52)
FN:814,(anonymous_53)
FN:820,(anonymous_54)
FN:826,(anonymous_55)
FN:835,(anonymous_56)
FN:840,(anonymous_57)
FN:854,(anonymous_58)
FN:868,(anonymous_59)
FN:912,(anonymous_60)
FN:920,(anonymous_61)
FN:928,(anonymous_62)
FN:933,(anonymous_63)
FN:940,(anonymous_64)
FN:948,(anonymous_65)
FN:953,(anonymous_66)
FN:966,(anonymous_67)
FN:974,(anonymous_68)
FN:982,(anonymous_69)
FN:987,(anonymous_70)
FN:993,(anonymous_71)
FNF:72
FNH:0
FNDA:0,(anonymous_0)
FNDA:0,(anonymous_1)
FNDA:0,(anonymous_2)
FNDA:0,(anonymous_3)
FNDA:0,(anonymous_4)
FNDA:0,(anonymous_5)
FNDA:0,(anonymous_6)
FNDA:0,(anonymous_7)
FNDA:0,(anonymous_8)
FNDA:0,(anonymous_9)
FNDA:0,(anonymous_10)
FNDA:0,(anonymous_11)
FNDA:0,(anonymous_12)
FNDA:0,(anonymous_13)
FNDA:0,(anonymous_14)
FNDA:0,(anonymous_15)
FNDA:0,(anonymous_16)
FNDA:0,(anonymous_17)
FNDA:0,(anonymous_18)
FNDA:0,(anonymous_19)
FNDA:0,(anonymous_20)
FNDA:0,(anonymous_21)
FNDA:0,(anonymous_22)
FNDA:0,(anonymous_23)
FNDA:0,(anonymous_24)
FNDA:0,(anonymous_25)
FNDA:0,(anonymous_26)
FNDA:0,(anonymous_27)
FNDA:0,(anonymous_28)
FNDA:0,(anonymous_29)
FNDA:0,(anonymous_30)
FNDA:0,(anonymous_31)
FNDA:0,(anonymous_32)
FNDA:0,(anonymous_33)
FNDA:0,(anonymous_34)
FNDA:0,(anonymous_35)
FNDA:0,(anonymous_36)
FNDA:0,(anonymous_37)
FNDA:0,(anonymous_38)
FNDA:0,(anonymous_39)
FNDA:0,(anonymous_40)
FNDA:0,(anonymous_41)
FNDA:0,(anonymous_42)
FNDA:0,(anonymous_43)
FNDA:0,(anonymous_44)
FNDA:0,(anonymous_45)
FNDA:0,(anonymous_46)
FNDA:0,(anonymous_47)
FNDA:0,(anonymous_48)
FNDA:0,(anonymous_49)
FNDA:0,(anonymous_50)
FNDA:0,(anonymous_51)
FNDA:0,(anonymous_52)
FNDA:0,(anonymous_53)
FNDA:0,(anonymous_54)
FNDA:0,(anonymous_55)
FNDA:0,(anonymous_56)
FNDA:0,(anonymous_57)
FNDA:0,(anonymous_58)
FNDA:0,(anonymous_59)
FNDA:0,(anonymous_60)
FNDA:0,(anonymous_61)
FNDA:0,(anonymous_62)
FNDA:0,(anonymous_63)
FNDA:0,(anonymous_64)
FNDA:0,(anonymous_65)
FNDA:0,(anonymous_66)
FNDA:0,(anonymous_67)
FNDA:0,(anonymous_68)
FNDA:0,(anonymous_69)
FNDA:0,(anonymous_70)
FNDA:0,(anonymous_71)
DA:206,0
DA:207,0
DA:211,0
DA:212,0
DA:217,0
DA:228,0
DA:234,0
DA:235,0
DA:245,0
DA:247,0
DA:249,0
DA:250,0
DA:252,0
DA:253,0
DA:255,0
DA:256,0
DA:258,0
DA:259,0
DA:261,0
DA:262,0
DA:264,0
DA:265,0
DA:266,0
DA:272,0
DA:273,0
DA:277,0
DA:278,0
DA:285,0
DA:286,0
DA:289,0
DA:293,0
DA:297,0
DA:301,0
DA:309,0
DA:313,0
DA:317,0
DA:322,0
DA:326,0
DA:330,0
DA:335,0
DA:337,0
DA:338,0
DA:339,0
DA:340,0
DA:341,0
DA:344,0
DA:354,0
DA:358,0
DA:362,0
DA:366,0
DA:370,0
DA:374,0
DA:379,0
DA:380,0
DA:390,0
DA:391,0
DA:393,0
DA:394,0
DA:395,0
DA:396,0
DA:397,0
DA:404,0
DA:405,0
DA:413,0
DA:417,0
DA:421,0
DA:425,0
DA:429,0
DA:433,0
DA:437,0
DA:441,0
DA:446,0
DA:450,0
DA:454,0
DA:459,0
DA:460,0
DA:468,0
DA:470,0
DA:472,0
DA:473,0
DA:475,0
DA:476,0
DA:477,0
DA:479,0
DA:480,0
DA:482,0
DA:485,0
DA:486,0
DA:487,0
DA:489,0
DA:490,0
DA:492,0
DA:495,0
DA:496,0
DA:498,0
DA:499,0
DA:501,0
DA:505,0
DA:509,0
DA:513,0
DA:521,0
DA:525,0
DA:529,0
DA:534,0
DA:538,0
DA:542,0
DA:547,0
DA:553,0
DA:555,0
DA:557,0
DA:559,0
DA:560,0
DA:563,0
DA:564,0
DA:566,0
DA:567,0
DA:571,0
DA:572,0
DA:573,0
DA:574,0
DA:575,0
DA:576,0
DA:584,0
DA:586,0
DA:590,0
DA:594,0
DA:607,0
DA:608,0
DA:612,0
DA:625,0
DA:629,0
DA:634,0
DA:638,0
DA:642,0
DA:648,0
DA:649,0
DA:650,0
DA:651,0
DA:653,0
DA:657,0
DA:665,0
DA:666,0
DA:671,0
DA:672,0
DA:676,0
DA:677,0
DA:681,0
DA:682,0
DA:686,0
DA:688,0
DA:690,0
DA:691,0
DA:693,0
DA:694,0
DA:695,0
DA:701,0
DA:702,0
DA:705,0
DA:709,0
DA:713,0
DA:718,0
DA:723,0
DA:724,0
DA:728,0
DA:732,0
DA:736,0
DA:741,0
DA:742,0
DA:743,0
DA:744,0
DA:745,0
DA:748,0
DA:753,0
DA:754,0
DA:757,0
DA:767,0
DA:772,0
DA:773,0
DA:777,0
DA:778,0
DA:786,0
DA:787,0
DA:789,0
DA:790,0
DA:792,0
DA:793,0
DA:795,0
DA:796,0
DA:797,0
DA:798,0
DA:800,0
DA:801,0
DA:802,0
DA:811,0
DA:815,0
DA:821,0
DA:827,0
DA:832,0
DA:836,0
DA:837,0
DA:841,0
DA:848,0
DA:855,0
DA:865,0
DA:869,0
DA:870,0
DA:872,0
DA:877,0
DA:879,0
DA:885,0
DA:888,0
DA:890,0
DA:894,0
DA:897,0
DA:899,0
DA:903,0
DA:908,0
DA:913,0
DA:921,0
DA:925,0
DA:929,0
DA:930,0
DA:934,0
DA:941,0
DA:949,0
DA:950,0
DA:954,0
DA:963,0
DA:967,0
DA:971,0
DA:975,0
DA:983,0
DA:984,0
DA:988,0
DA:989,0
DA:990,0
DA:993,0
DA:995,0
DA:996,0
DA:1005,0
DA:1011,0
DA:1017,0
DA:1023,0
DA:1027,0
DA:1033,0
DA:1037,0
DA:1043,0
DA:1049,0
DA:1055,0
DA:1061,0
DA:1067,0
DA:1073,0
DA:1079,0
DA:1085,0
DA:1088,0
DA:1097,0
LF:256
LH:0
BRDA:240,0,0,0
BRDA:240,0,1,0
BRDA:241,1,0,0
BRDA:241,1,1,0
BRDA:247,2,0,0
BRDA:247,2,1,0
BRDA:249,3,0,0
BRDA:249,3,1,0
BRDA:252,4,0,0
BRDA:252,4,1,0
BRDA:255,5,0,0
BRDA:255,5,1,0
BRDA:258,6,0,0
BRDA:258,6,1,0
BRDA:258,7,0,0
BRDA:258,7,1,0
BRDA:261,8,0,0
BRDA:261,8,1,0
BRDA:261,9,0,0
BRDA:261,9,1,0
BRDA:264,10,0,0
BRDA:264,10,1,0
BRDA:272,11,0,0
BRDA:272,11,1,0
BRDA:277,12,0,0
BRDA:277,12,1,0
BRDA:285,13,0,0
BRDA:285,13,1,0
BRDA:337,14,0,0
BRDA:337,14,1,0
BRDA:338,15,0,0
BRDA:338,15,1,0
BRDA:339,16,0,0
BRDA:339,16,1,0
BRDA:340,17,0,0
BRDA:340,17,1,0
BRDA:341,18,0,0
BRDA:341,18,1,0
BRDA:349,19,0,0
BRDA:349,19,1,0
BRDA:350,20,0,0
BRDA:350,20,1,0
BRDA:385,21,0,0
BRDA:385,21,1,0
BRDA:386,22,0,0
BRDA:386,22,1,0
BRDA:391,23,0,0
BRDA:391,23,1,0
BRDA:393,24,0,0
BRDA:393,24,1,0
BRDA:394,25,0,0
BRDA:394,25,1,0
BRDA:395,26,0,0
BRDA:395,26,1,0
BRDA:404,27,0,0
BRDA:404,27,1,0
BRDA:470,28,0,0
BRDA:470,28,1,0
BRDA:472,29,0,0
BRDA:472,29,1,0
BRDA:475,30,0,0
BRDA:475,30,1,0
BRDA:475,31,0,0
BRDA:475,31,1,0
BRDA:476,32,0,0
BRDA:476,32,1,0
BRDA:485,33,0,0
BRDA:485,33,1,0
BRDA:485,34,0,0
BRDA:485,34,1,0
BRDA:486,35,0,0
BRDA:486,35,1,0
BRDA:495,36,0,0
BRDA:495,36,1,0
BRDA:498,37,0,0
BRDA:498,37,1,0
BRDA:557,38,0,0
BRDA:557,38,1,0
BRDA:559,39,0,0
BRDA:559,39,1,0
BRDA:566,40,0,0
BRDA:566,40,1,0
BRDA:566,41,0,0
BRDA:566,41,1,0
BRDA:575,42,0,0
BRDA:575,42,1,0
BRDA:629,43,0,0
BRDA:629,43,1,0
BRDA:688,44,0,0
BRDA:688,44,1,0
BRDA:690,45,0,0
BRDA:690,45,1,0
BRDA:693,46,0,0
BRDA:693,46,1,0
BRDA:701,47,0,0
BRDA:701,47,1,0
BRDA:744,48,0,0
BRDA:744,48,1,0
BRDA:754,49,0,0
BRDA:754,49,1,0
BRDA:754,50,0,0
BRDA:754,50,1,0
BRDA:781,51,0,0
BRDA:781,51,1,0
BRDA:782,52,0,0
BRDA:782,52,1,0
BRDA:787,53,0,0
BRDA:787,53,1,0
BRDA:789,54,0,0
BRDA:789,54,1,0
BRDA:792,55,0,0
BRDA:792,55,1,0
BRDA:795,56,0,0
BRDA:795,56,1,0
BRDA:797,57,0,0
BRDA:797,57,1,0
BRDA:800,58,0,0
BRDA:800,58,1,0
BRDA:849,59,0,0
BRDA:849,59,1,0
BRDA:850,60,0,0
BRDA:850,60,1,0
BRDA:877,61,0,0
BRDA:877,61,1,0
BRDA:888,62,0,0
BRDA:888,62,1,0
BRDA:897,63,0,0
BRDA:897,63,1,0
BRDA:925,64,0,0
BRDA:925,64,1,0
BRDA:989,65,0,0
BRDA:989,65,1,0
BRF:132
BRH:0
end_of_record
TN:
SF:shared/schema.ts
FN:25,(anonymous_0)
FN:47,(anonymous_1)
FN:58,(anonymous_2)
FN:85,(anonymous_3)
FN:93,(anonymous_4)
FN:112,(anonymous_5)
FN:126,(anonymous_6)
FN:134,(anonymous_7)
FN:153,(anonymous_8)
FN:161,(anonymous_9)
FN:169,(anonymous_10)
FN:187,(anonymous_11)
FN:188,(anonymous_12)
FN:191,(anonymous_13)
FN:199,(anonymous_14)
FN:333,(anonymous_15)
FN:334,(anonymous_16)
FN:338,(anonymous_17)
FN:345,(anonymous_18)
FN:382,(anonymous_19)
FN:389,(anonymous_20)
FN:397,(anonymous_21)
FN:420,(anonymous_22)
FN:441,(anonymous_23)
FN:449,(anonymous_24)
FN:467,(anonymous_25)
FN:471,(anonymous_26)
FN:481,(anonymous_27)
FN:482,(anonymous_28)
FN:486,(anonymous_29)
FN:495,(anonymous_30)
FN:521,(anonymous_31)
FN:522,(anonymous_32)
FN:523,(anonymous_33)
FN:535,(anonymous_34)
FN:548,(anonymous_35)
FN:549,(anonymous_36)
FN:551,(anonymous_37)
FN:560,(anonymous_38)
FN:576,(anonymous_39)
FN:599,(anonymous_40)
FN:607,(anonymous_41)
FN:613,(anonymous_42)
FN:633,(anonymous_43)
FN:643,(anonymous_44)
FN:653,(anonymous_45)
FN:684,(anonymous_46)
FN:708,(anonymous_47)
FN:716,(anonymous_48)
FN:744,(anonymous_49)
FN:776,(anonymous_50)
FN:784,(anonymous_51)
FN:785,(anonymous_52)
FN:787,(anonymous_53)
FN:793,(anonymous_54)
FN:797,(anonymous_55)
FN:816,(anonymous_56)
FN:825,(anonymous_57)
FN:832,(anonymous_58)
FN:864,(anonymous_59)
FN:869,(anonymous_60)
FN:887,(anonymous_61)
FN:888,(anonymous_62)
FN:891,(anonymous_63)
FN:899,(anonymous_64)
FN:924,(anonymous_65)
FN:928,(anonymous_66)
FN:937,(anonymous_67)
FN:938,(anonymous_68)
FN:941,(anonymous_69)
FN:947,(anonymous_70)
FN:963,(anonymous_71)
FN:974,(anonymous_72)
FN:979,(anonymous_73)
FN:1000,(anonymous_74)
FN:1009,(anonymous_75)
FN:1014,(anonymous_76)
FN:1034,(anonymous_77)
FN:1035,(anonymous_78)
FN:1040,(anonymous_79)
FN:1046,(anonymous_80)
FNF:81
FNH:0
FNDA:0,(anonymous_0)
FNDA:0,(anonymous_1)
FNDA:0,(anonymous_2)
FNDA:0,(anonymous_3)
FNDA:0,(anonymous_4)
FNDA:0,(anonymous_5)
FNDA:0,(anonymous_6)
FNDA:0,(anonymous_7)
FNDA:0,(anonymous_8)
FNDA:0,(anonymous_9)
FNDA:0,(anonymous_10)
FNDA:0,(anonymous_11)
FNDA:0,(anonymous_12)
FNDA:0,(anonymous_13)
FNDA:0,(anonymous_14)
FNDA:0,(anonymous_15)
FNDA:0,(anonymous_16)
FNDA:0,(anonymous_17)
FNDA:0,(anonymous_18)
FNDA:0,(anonymous_19)
FNDA:0,(anonymous_20)
FNDA:0,(anonymous_21)
FNDA:0,(anonymous_22)
FNDA:0,(anonymous_23)
FNDA:0,(anonymous_24)
FNDA:0,(anonymous_25)
FNDA:0,(anonymous_26)
FNDA:0,(anonymous_27)
FNDA:0,(anonymous_28)
FNDA:0,(anonymous_29)
FNDA:0,(anonymous_30)
FNDA:0,(anonymous_31)
FNDA:0,(anonymous_32)
FNDA:0,(anonymous_33)
FNDA:0,(anonymous_34)
FNDA:0,(anonymous_35)
FNDA:0,(anonymous_36)
FNDA:0,(anonymous_37)
FNDA:0,(anonymous_38)
FNDA:0,(anonymous_39)
FNDA:0,(anonymous_40)
FNDA:0,(anonymous_41)
FNDA:0,(anonymous_42)
FNDA:0,(anonymous_43)
FNDA:0,(anonymous_44)
FNDA:0,(anonymous_45)
FNDA:0,(anonymous_46)
FNDA:0,(anonymous_47)
FNDA:0,(anonymous_48)
FNDA:0,(anonymous_49)
FNDA:0,(anonymous_50)
FNDA:0,(anonymous_51)
FNDA:0,(anonymous_52)
FNDA:0,(anonymous_53)
FNDA:0,(anonymous_54)
FNDA:0,(anonymous_55)
FNDA:0,(anonymous_56)
FNDA:0,(anonymous_57)
FNDA:0,(anonymous_58)
FNDA:0,(anonymous_59)
FNDA:0,(anonymous_60)
FNDA:0,(anonymous_61)
FNDA:0,(anonymous_62)
FNDA:0,(anonymous_63)
FNDA:0,(anonymous_64)
FNDA:0,(anonymous_65)
FNDA:0,(anonymous_66)
FNDA:0,(anonymous_67)
FNDA:0,(anonymous_68)
FNDA:0,(anonymous_69)
FNDA:0,(anonymous_70)
FNDA:0,(anonymous_71)
FNDA:0,(anonymous_72)
FNDA:0,(anonymous_73)
FNDA:0,(anonymous_74)
FNDA:0,(anonymous_75)
FNDA:0,(anonymous_76)
FNDA:0,(anonymous_77)
FNDA:0,(anonymous_78)
FNDA:0,(anonymous_79)
FNDA:0,(anonymous_80)
DA:18,0
DA:25,0
DA:33,0
DA:47,0
DA:56,0
DA:58,0
DA:85,0
DA:93,0
DA:100,0
DA:110,0
DA:112,0
DA:126,0
DA:134,0
DA:141,0
DA:151,0
DA:153,0
DA:161,0
DA:169,0
DA:176,0
DA:185,0
DA:187,0
DA:188,0
DA:191,0
DA:199,0
DA:212,0
DA:221,0
DA:240,0
DA:259,0
DA:281,0
DA:289,0
DA:301,0
DA:321,0
DA:331,0
DA:333,0
DA:334,0
DA:338,0
DA:345,0
DA:358,0
DA:380,0
DA:382,0
DA:389,0
DA:397,0
DA:404,0
DA:418,0
DA:420,0
DA:441,0
DA:449,0
DA:456,0
DA:465,0
DA:467,0
DA:471,0
DA:479,0
DA:481,0
DA:482,0
DA:486,0
DA:495,0
DA:506,0
DA:519,0
DA:521,0
DA:522,0
DA:523,0
DA:535,0
DA:546,0
DA:548,0
DA:549,0
DA:551,0
DA:560,0
DA:576,0
DA:588,0
DA:597,0
DA:599,0
DA:607,0
DA:613,0
DA:620,0
DA:631,0
DA:633,0
DA:643,0
DA:653,0
DA:660,0
DA:669,0
DA:682,0
DA:684,0
DA:708,0
DA:716,0
DA:723,0
DA:735,0
DA:744,0
DA:758,0
DA:771,0
DA:776,0
DA:782,0
DA:784,0
DA:785,0
DA:787,0
DA:793,0
DA:797,0
DA:814,0
DA:816,0
DA:825,0
DA:832,0
DA:842,0
DA:853,0
DA:864,0
DA:869,0
DA:874,0
DA:885,0
DA:887,0
DA:888,0
DA:891,0
DA:897,0
DA:899,0
DA:910,0
DA:919,0
DA:924,0
DA:928,0
DA:935,0
DA:937,0
DA:938,0
DA:941,0
DA:947,0
DA:961,0
DA:963,0
DA:974,0
DA:979,0
DA:986,0
DA:998,0
DA:1000,0
DA:1009,0
DA:1014,0
DA:1022,0
DA:1032,0
DA:1034,0
DA:1035,0
DA:1040,0
DA:1046,0
DA:1057,0
LF:136
LH:0
BRF:0
BRH:0
end_of_record
